2022-12-10 12:05:08.745+08 0ms ERROR tokio-runtime-worker@C:\Users\Seed6\.cargo\registry\src\rsproxy.cn-8f6827c7555bfaf8\ssh-rs-0.3.1\src\session\mod.rs:180 Parse private key from file: Error: { Kind(SshError("系統找不到指定的路徑。 (os error 3)")) }, will fallback to password authentication
2022-12-10 12:05:08.747+08 0ms INFO tokio-runtime-worker@C:\Users\Seed6\.cargo\registry\src\rsproxy.cn-8f6827c7555bfaf8\ssh-rs-0.3.1\src\session\mod.rs:50 start for version negotiation.
2022-12-10 12:05:08.755+08 0ms INFO tokio-runtime-worker@C:\Users\Seed6\.cargo\registry\src\rsproxy.cn-8f6827c7555bfaf8\ssh-rs-0.3.1\src\config\version.rs:59 server version: [SSH-2.0-OpenSSH_9.0p1 Debian-1+b1]
2022-12-10 12:05:08.755+08 0ms INFO tokio-runtime-worker@C:\Users\Seed6\.cargo\registry\src\rsproxy.cn-8f6827c7555bfaf8\ssh-rs-0.3.1\src\config\version.rs:85 version negotiation was successful.
2022-12-10 12:05:08.755+08 0ms INFO tokio-runtime-worker@C:\Users\Seed6\.cargo\registry\src\rsproxy.cn-8f6827c7555bfaf8\ssh-rs-0.3.1\src\config\version.rs:77 client version: [SSH-2.0-SSH_RS-0.3.1]
2022-12-10 12:05:08.756+08 0ms INFO tokio-runtime-worker@C:\Users\Seed6\.cargo\registry\src\rsproxy.cn-8f6827c7555bfaf8\ssh-rs-0.3.1\src\config\algorithm.rs:135 server key exchange: ["sntrup761x25519-sha512@openssh.com", "curve25519-sha256", "curve25519-sha256@libssh.org", "ecdh-sha2-nistp256", "ecdh-sha2-nistp384", "ecdh-sha2-nistp521", "diffie-hellman-group-exchange-sha256", "diffie-hellman-group16-sha512", "diffie-hellman-group18-sha512", "diffie-hellman-group14-sha256"]
2022-12-10 12:05:08.756+08 0ms INFO tokio-runtime-worker@C:\Users\Seed6\.cargo\registry\src\rsproxy.cn-8f6827c7555bfaf8\ssh-rs-0.3.1\src\config\algorithm.rs:136 server public key: ["rsa-sha2-512", "rsa-sha2-256", "ecdsa-sha2-nistp256", "ssh-ed25519"]
2022-12-10 12:05:08.756+08 0ms INFO tokio-runtime-worker@C:\Users\Seed6\.cargo\registry\src\rsproxy.cn-8f6827c7555bfaf8\ssh-rs-0.3.1\src\config\algorithm.rs:137 server c2s encryption: ["chacha20-poly1305@openssh.com", "aes128-ctr", "aes192-ctr", "aes256-ctr", "aes128-gcm@openssh.com", "aes256-gcm@openssh.com"]
2022-12-10 12:05:08.756+08 0ms INFO tokio-runtime-worker@C:\Users\Seed6\.cargo\registry\src\rsproxy.cn-8f6827c7555bfaf8\ssh-rs-0.3.1\src\config\algorithm.rs:138 server s2c encryption: ["chacha20-poly1305@openssh.com", "aes128-ctr", "aes192-ctr", "aes256-ctr", "aes128-gcm@openssh.com", "aes256-gcm@openssh.com"]
2022-12-10 12:05:08.756+08 0ms INFO tokio-runtime-worker@C:\Users\Seed6\.cargo\registry\src\rsproxy.cn-8f6827c7555bfaf8\ssh-rs-0.3.1\src\config\algorithm.rs:139 server c2s mac: ["umac-64-etm@openssh.com", "umac-128-etm@openssh.com", "hmac-sha2-256-etm@openssh.com", "hmac-sha2-512-etm@openssh.com", "hmac-sha1-etm@openssh.com", "umac-64@openssh.com", "umac-128@openssh.com", "hmac-sha2-256", "hmac-sha2-512", "hmac-sha1"]
2022-12-10 12:05:08.757+08 0ms INFO tokio-runtime-worker@C:\Users\Seed6\.cargo\registry\src\rsproxy.cn-8f6827c7555bfaf8\ssh-rs-0.3.1\src\config\algorithm.rs:140 server s2c mac: ["umac-64-etm@openssh.com", "umac-128-etm@openssh.com", "hmac-sha2-256-etm@openssh.com", "hmac-sha2-512-etm@openssh.com", "hmac-sha1-etm@openssh.com", "umac-64@openssh.com", "umac-128@openssh.com", "hmac-sha2-256", "hmac-sha2-512", "hmac-sha1"]
2022-12-10 12:05:08.757+08 0ms INFO tokio-runtime-worker@C:\Users\Seed6\.cargo\registry\src\rsproxy.cn-8f6827c7555bfaf8\ssh-rs-0.3.1\src\config\algorithm.rs:141 server c2s compression: ["none", "zlib@openssh.com"]
2022-12-10 12:05:08.757+08 0ms INFO tokio-runtime-worker@C:\Users\Seed6\.cargo\registry\src\rsproxy.cn-8f6827c7555bfaf8\ssh-rs-0.3.1\src\config\algorithm.rs:142 server s2c compression: ["none", "zlib@openssh.com"]
2022-12-10 12:05:08.757+08 0ms INFO tokio-runtime-worker@C:\Users\Seed6\.cargo\registry\src\rsproxy.cn-8f6827c7555bfaf8\ssh-rs-0.3.1\src\client\client_kex.rs:34 start for key negotiation.
2022-12-10 12:05:08.757+08 0ms INFO tokio-runtime-worker@C:\Users\Seed6\.cargo\registry\src\rsproxy.cn-8f6827c7555bfaf8\ssh-rs-0.3.1\src\client\client_kex.rs:35 send client algorithm list.
2022-12-10 12:05:08.757+08 0ms INFO tokio-runtime-worker@C:\Users\Seed6\.cargo\registry\src\rsproxy.cn-8f6827c7555bfaf8\ssh-rs-0.3.1\src\config\algorithm.rs:221 client algorithms: [kex: "curve25519-sha256,ecdh-sha2-nistp256,diffie-hellman-group14-sha256,diffie-hellman-group14-sha1", pubkey: "rsa-sha2-512,rsa-sha2-256", c_enc: "chacha20-poly1305@openssh.com,aes128-ctr", s_enc: "chacha20-poly1305@openssh.com,aes128-ctr", c_mac: "hmac-sha2-256,hmac-sha2-512,hmac-sha1", s_mac: "hmac-sha2-256,hmac-sha2-512,hmac-sha1", c_compress: "none", s_compress: "none"]
2022-12-10 12:05:08.757+08 0ms INFO tokio-runtime-worker@C:\Users\Seed6\.cargo\registry\src\rsproxy.cn-8f6827c7555bfaf8\ssh-rs-0.3.1\src\config\algorithm.rs:200 matched algorithms [kex: "curve25519-sha256", pubkey: "rsa-sha2-512", c_enc: "chacha20-poly1305@openssh.com", s_enc: "chacha20-poly1305@openssh.com", c_mac: "hmac-sha2-256", s_mac: "hmac-sha2-256", c_compress: "none", s_compress: "none"]
2022-12-10 12:05:08.769+08 0ms INFO tokio-runtime-worker@C:\Users\Seed6\.cargo\registry\src\rsproxy.cn-8f6827c7555bfaf8\ssh-rs-0.3.1\src\client\client_kex.rs:125 signature verification success.
2022-12-10 12:05:08.769+08 0ms INFO tokio-runtime-worker@C:\Users\Seed6\.cargo\registry\src\rsproxy.cn-8f6827c7555bfaf8\ssh-rs-0.3.1\src\client\client_kex.rs:165 send new keys
2022-12-10 12:05:08.769+08 0ms INFO tokio-runtime-worker@C:\Users\Seed6\.cargo\registry\src\rsproxy.cn-8f6827c7555bfaf8\ssh-rs-0.3.1\src\client\client_kex.rs:84 key negotiation successful.
2022-12-10 12:05:08.769+08 0ms INFO tokio-runtime-worker@C:\Users\Seed6\.cargo\registry\src\rsproxy.cn-8f6827c7555bfaf8\ssh-rs-0.3.1\src\client\client_auth.rs:17 Auth start
2022-12-10 12:05:08.770+08 0ms INFO tokio-runtime-worker@C:\Users\Seed6\.cargo\registry\src\rsproxy.cn-8f6827c7555bfaf8\ssh-rs-0.3.1\src\client\client_auth.rs:76 password authentication.
2022-12-10 12:05:09.771+08 0ms ERROR tokio-runtime-worker@C:\Users\Seed6\.cargo\registry\src\rsproxy.cn-8f6827c7555bfaf8\ssh-rs-0.3.1\src\model\timeout.rs:22 time out.
2022-12-10 12:05:09.816+08 0ms ERROR tokio-runtime-worker@src\LinuxService\src\Gui_src\src\lib.rs:45 Error: { Kind(Timeout) }
2022-12-10 12:08:58.811+08 0ms ERROR tokio-runtime-worker@C:\Users\Seed6\.cargo\registry\src\rsproxy.cn-8f6827c7555bfaf8\ssh-rs-0.3.1\src\session\mod.rs:180 Parse private key from file: Error: { Kind(SshError("系統找不到指定的路徑。 (os error 3)")) }, will fallback to password authentication
2022-12-10 12:08:58.813+08 0ms INFO tokio-runtime-worker@C:\Users\Seed6\.cargo\registry\src\rsproxy.cn-8f6827c7555bfaf8\ssh-rs-0.3.1\src\session\mod.rs:50 start for version negotiation.
2022-12-10 12:08:58.821+08 0ms INFO tokio-runtime-worker@C:\Users\Seed6\.cargo\registry\src\rsproxy.cn-8f6827c7555bfaf8\ssh-rs-0.3.1\src\config\version.rs:59 server version: [SSH-2.0-OpenSSH_9.0p1 Debian-1+b1]
2022-12-10 12:08:58.821+08 0ms INFO tokio-runtime-worker@C:\Users\Seed6\.cargo\registry\src\rsproxy.cn-8f6827c7555bfaf8\ssh-rs-0.3.1\src\config\version.rs:85 version negotiation was successful.
2022-12-10 12:08:58.821+08 0ms INFO tokio-runtime-worker@C:\Users\Seed6\.cargo\registry\src\rsproxy.cn-8f6827c7555bfaf8\ssh-rs-0.3.1\src\config\version.rs:77 client version: [SSH-2.0-SSH_RS-0.3.1]
2022-12-10 12:08:58.822+08 0ms INFO tokio-runtime-worker@C:\Users\Seed6\.cargo\registry\src\rsproxy.cn-8f6827c7555bfaf8\ssh-rs-0.3.1\src\config\algorithm.rs:135 server key exchange: ["sntrup761x25519-sha512@openssh.com", "curve25519-sha256", "curve25519-sha256@libssh.org", "ecdh-sha2-nistp256", "ecdh-sha2-nistp384", "ecdh-sha2-nistp521", "diffie-hellman-group-exchange-sha256", "diffie-hellman-group16-sha512", "diffie-hellman-group18-sha512", "diffie-hellman-group14-sha256"]
2022-12-10 12:08:58.822+08 0ms INFO tokio-runtime-worker@C:\Users\Seed6\.cargo\registry\src\rsproxy.cn-8f6827c7555bfaf8\ssh-rs-0.3.1\src\config\algorithm.rs:136 server public key: ["rsa-sha2-512", "rsa-sha2-256", "ecdsa-sha2-nistp256", "ssh-ed25519"]
2022-12-10 12:08:58.822+08 0ms INFO tokio-runtime-worker@C:\Users\Seed6\.cargo\registry\src\rsproxy.cn-8f6827c7555bfaf8\ssh-rs-0.3.1\src\config\algorithm.rs:137 server c2s encryption: ["chacha20-poly1305@openssh.com", "aes128-ctr", "aes192-ctr", "aes256-ctr", "aes128-gcm@openssh.com", "aes256-gcm@openssh.com"]
2022-12-10 12:08:58.822+08 0ms INFO tokio-runtime-worker@C:\Users\Seed6\.cargo\registry\src\rsproxy.cn-8f6827c7555bfaf8\ssh-rs-0.3.1\src\config\algorithm.rs:138 server s2c encryption: ["chacha20-poly1305@openssh.com", "aes128-ctr", "aes192-ctr", "aes256-ctr", "aes128-gcm@openssh.com", "aes256-gcm@openssh.com"]
2022-12-10 12:08:58.822+08 0ms INFO tokio-runtime-worker@C:\Users\Seed6\.cargo\registry\src\rsproxy.cn-8f6827c7555bfaf8\ssh-rs-0.3.1\src\config\algorithm.rs:139 server c2s mac: ["umac-64-etm@openssh.com", "umac-128-etm@openssh.com", "hmac-sha2-256-etm@openssh.com", "hmac-sha2-512-etm@openssh.com", "hmac-sha1-etm@openssh.com", "umac-64@openssh.com", "umac-128@openssh.com", "hmac-sha2-256", "hmac-sha2-512", "hmac-sha1"]
2022-12-10 12:08:58.822+08 0ms INFO tokio-runtime-worker@C:\Users\Seed6\.cargo\registry\src\rsproxy.cn-8f6827c7555bfaf8\ssh-rs-0.3.1\src\config\algorithm.rs:140 server s2c mac: ["umac-64-etm@openssh.com", "umac-128-etm@openssh.com", "hmac-sha2-256-etm@openssh.com", "hmac-sha2-512-etm@openssh.com", "hmac-sha1-etm@openssh.com", "umac-64@openssh.com", "umac-128@openssh.com", "hmac-sha2-256", "hmac-sha2-512", "hmac-sha1"]
2022-12-10 12:08:58.822+08 0ms INFO tokio-runtime-worker@C:\Users\Seed6\.cargo\registry\src\rsproxy.cn-8f6827c7555bfaf8\ssh-rs-0.3.1\src\config\algorithm.rs:141 server c2s compression: ["none", "zlib@openssh.com"]
2022-12-10 12:08:58.822+08 0ms INFO tokio-runtime-worker@C:\Users\Seed6\.cargo\registry\src\rsproxy.cn-8f6827c7555bfaf8\ssh-rs-0.3.1\src\config\algorithm.rs:142 server s2c compression: ["none", "zlib@openssh.com"]
2022-12-10 12:08:58.822+08 0ms INFO tokio-runtime-worker@C:\Users\Seed6\.cargo\registry\src\rsproxy.cn-8f6827c7555bfaf8\ssh-rs-0.3.1\src\client\client_kex.rs:34 start for key negotiation.
2022-12-10 12:08:58.822+08 0ms INFO tokio-runtime-worker@C:\Users\Seed6\.cargo\registry\src\rsproxy.cn-8f6827c7555bfaf8\ssh-rs-0.3.1\src\client\client_kex.rs:35 send client algorithm list.
2022-12-10 12:08:58.822+08 0ms INFO tokio-runtime-worker@C:\Users\Seed6\.cargo\registry\src\rsproxy.cn-8f6827c7555bfaf8\ssh-rs-0.3.1\src\config\algorithm.rs:221 client algorithms: [kex: "curve25519-sha256,ecdh-sha2-nistp256,diffie-hellman-group14-sha256,diffie-hellman-group14-sha1", pubkey: "rsa-sha2-512,rsa-sha2-256", c_enc: "chacha20-poly1305@openssh.com,aes128-ctr", s_enc: "chacha20-poly1305@openssh.com,aes128-ctr", c_mac: "hmac-sha2-256,hmac-sha2-512,hmac-sha1", s_mac: "hmac-sha2-256,hmac-sha2-512,hmac-sha1", c_compress: "none", s_compress: "none"]
2022-12-10 12:08:58.822+08 0ms INFO tokio-runtime-worker@C:\Users\Seed6\.cargo\registry\src\rsproxy.cn-8f6827c7555bfaf8\ssh-rs-0.3.1\src\config\algorithm.rs:200 matched algorithms [kex: "curve25519-sha256", pubkey: "rsa-sha2-512", c_enc: "chacha20-poly1305@openssh.com", s_enc: "chacha20-poly1305@openssh.com", c_mac: "hmac-sha2-256", s_mac: "hmac-sha2-256", c_compress: "none", s_compress: "none"]
2022-12-10 12:08:58.835+08 0ms INFO tokio-runtime-worker@C:\Users\Seed6\.cargo\registry\src\rsproxy.cn-8f6827c7555bfaf8\ssh-rs-0.3.1\src\client\client_kex.rs:125 signature verification success.
2022-12-10 12:08:58.835+08 0ms INFO tokio-runtime-worker@C:\Users\Seed6\.cargo\registry\src\rsproxy.cn-8f6827c7555bfaf8\ssh-rs-0.3.1\src\client\client_kex.rs:165 send new keys
2022-12-10 12:08:58.835+08 0ms INFO tokio-runtime-worker@C:\Users\Seed6\.cargo\registry\src\rsproxy.cn-8f6827c7555bfaf8\ssh-rs-0.3.1\src\client\client_kex.rs:84 key negotiation successful.
2022-12-10 12:08:58.835+08 0ms INFO tokio-runtime-worker@C:\Users\Seed6\.cargo\registry\src\rsproxy.cn-8f6827c7555bfaf8\ssh-rs-0.3.1\src\client\client_auth.rs:17 Auth start
2022-12-10 12:08:58.835+08 0ms INFO tokio-runtime-worker@C:\Users\Seed6\.cargo\registry\src\rsproxy.cn-8f6827c7555bfaf8\ssh-rs-0.3.1\src\client\client_auth.rs:76 password authentication.
2022-12-10 12:08:59.836+08 0ms ERROR tokio-runtime-worker@C:\Users\Seed6\.cargo\registry\src\rsproxy.cn-8f6827c7555bfaf8\ssh-rs-0.3.1\src\model\timeout.rs:22 time out.
2022-12-10 12:08:59.873+08 0ms ERROR tokio-runtime-worker@src\LinuxService\src\Gui_src\src\lib.rs:45 Error: { Kind(Timeout) }
2022-12-10 12:09:59.468+08 0ms INFO tokio-runtime-worker@C:\Users\Seed6\.cargo\registry\src\rsproxy.cn-8f6827c7555bfaf8\ssh-rs-0.3.1\src\session\mod.rs:50 start for version negotiation.
2022-12-10 12:09:59.478+08 0ms INFO tokio-runtime-worker@C:\Users\Seed6\.cargo\registry\src\rsproxy.cn-8f6827c7555bfaf8\ssh-rs-0.3.1\src\config\version.rs:59 server version: [SSH-2.0-OpenSSH_9.0p1 Debian-1+b1]
2022-12-10 12:09:59.478+08 0ms INFO tokio-runtime-worker@C:\Users\Seed6\.cargo\registry\src\rsproxy.cn-8f6827c7555bfaf8\ssh-rs-0.3.1\src\config\version.rs:85 version negotiation was successful.
2022-12-10 12:09:59.478+08 0ms INFO tokio-runtime-worker@C:\Users\Seed6\.cargo\registry\src\rsproxy.cn-8f6827c7555bfaf8\ssh-rs-0.3.1\src\config\version.rs:77 client version: [SSH-2.0-SSH_RS-0.3.1]
2022-12-10 12:09:59.480+08 0ms INFO tokio-runtime-worker@C:\Users\Seed6\.cargo\registry\src\rsproxy.cn-8f6827c7555bfaf8\ssh-rs-0.3.1\src\config\algorithm.rs:135 server key exchange: ["sntrup761x25519-sha512@openssh.com", "curve25519-sha256", "curve25519-sha256@libssh.org", "ecdh-sha2-nistp256", "ecdh-sha2-nistp384", "ecdh-sha2-nistp521", "diffie-hellman-group-exchange-sha256", "diffie-hellman-group16-sha512", "diffie-hellman-group18-sha512", "diffie-hellman-group14-sha256"]
2022-12-10 12:09:59.480+08 0ms INFO tokio-runtime-worker@C:\Users\Seed6\.cargo\registry\src\rsproxy.cn-8f6827c7555bfaf8\ssh-rs-0.3.1\src\config\algorithm.rs:136 server public key: ["rsa-sha2-512", "rsa-sha2-256", "ecdsa-sha2-nistp256", "ssh-ed25519"]
2022-12-10 12:09:59.480+08 0ms INFO tokio-runtime-worker@C:\Users\Seed6\.cargo\registry\src\rsproxy.cn-8f6827c7555bfaf8\ssh-rs-0.3.1\src\config\algorithm.rs:137 server c2s encryption: ["chacha20-poly1305@openssh.com", "aes128-ctr", "aes192-ctr", "aes256-ctr", "aes128-gcm@openssh.com", "aes256-gcm@openssh.com"]
2022-12-10 12:09:59.480+08 0ms INFO tokio-runtime-worker@C:\Users\Seed6\.cargo\registry\src\rsproxy.cn-8f6827c7555bfaf8\ssh-rs-0.3.1\src\config\algorithm.rs:138 server s2c encryption: ["chacha20-poly1305@openssh.com", "aes128-ctr", "aes192-ctr", "aes256-ctr", "aes128-gcm@openssh.com", "aes256-gcm@openssh.com"]
2022-12-10 12:09:59.480+08 0ms INFO tokio-runtime-worker@C:\Users\Seed6\.cargo\registry\src\rsproxy.cn-8f6827c7555bfaf8\ssh-rs-0.3.1\src\config\algorithm.rs:139 server c2s mac: ["umac-64-etm@openssh.com", "umac-128-etm@openssh.com", "hmac-sha2-256-etm@openssh.com", "hmac-sha2-512-etm@openssh.com", "hmac-sha1-etm@openssh.com", "umac-64@openssh.com", "umac-128@openssh.com", "hmac-sha2-256", "hmac-sha2-512", "hmac-sha1"]
2022-12-10 12:09:59.480+08 0ms INFO tokio-runtime-worker@C:\Users\Seed6\.cargo\registry\src\rsproxy.cn-8f6827c7555bfaf8\ssh-rs-0.3.1\src\config\algorithm.rs:140 server s2c mac: ["umac-64-etm@openssh.com", "umac-128-etm@openssh.com", "hmac-sha2-256-etm@openssh.com", "hmac-sha2-512-etm@openssh.com", "hmac-sha1-etm@openssh.com", "umac-64@openssh.com", "umac-128@openssh.com", "hmac-sha2-256", "hmac-sha2-512", "hmac-sha1"]
2022-12-10 12:09:59.480+08 0ms INFO tokio-runtime-worker@C:\Users\Seed6\.cargo\registry\src\rsproxy.cn-8f6827c7555bfaf8\ssh-rs-0.3.1\src\config\algorithm.rs:141 server c2s compression: ["none", "zlib@openssh.com"]
2022-12-10 12:09:59.480+08 0ms INFO tokio-runtime-worker@C:\Users\Seed6\.cargo\registry\src\rsproxy.cn-8f6827c7555bfaf8\ssh-rs-0.3.1\src\config\algorithm.rs:142 server s2c compression: ["none", "zlib@openssh.com"]
2022-12-10 12:09:59.480+08 0ms INFO tokio-runtime-worker@C:\Users\Seed6\.cargo\registry\src\rsproxy.cn-8f6827c7555bfaf8\ssh-rs-0.3.1\src\client\client_kex.rs:34 start for key negotiation.
2022-12-10 12:09:59.480+08 0ms INFO tokio-runtime-worker@C:\Users\Seed6\.cargo\registry\src\rsproxy.cn-8f6827c7555bfaf8\ssh-rs-0.3.1\src\client\client_kex.rs:35 send client algorithm list.
2022-12-10 12:09:59.480+08 0ms INFO tokio-runtime-worker@C:\Users\Seed6\.cargo\registry\src\rsproxy.cn-8f6827c7555bfaf8\ssh-rs-0.3.1\src\config\algorithm.rs:221 client algorithms: [kex: "curve25519-sha256,ecdh-sha2-nistp256,diffie-hellman-group14-sha256,diffie-hellman-group14-sha1", pubkey: "rsa-sha2-512,rsa-sha2-256", c_enc: "chacha20-poly1305@openssh.com,aes128-ctr", s_enc: "chacha20-poly1305@openssh.com,aes128-ctr", c_mac: "hmac-sha2-256,hmac-sha2-512,hmac-sha1", s_mac: "hmac-sha2-256,hmac-sha2-512,hmac-sha1", c_compress: "none", s_compress: "none"]
2022-12-10 12:09:59.480+08 0ms INFO tokio-runtime-worker@C:\Users\Seed6\.cargo\registry\src\rsproxy.cn-8f6827c7555bfaf8\ssh-rs-0.3.1\src\config\algorithm.rs:200 matched algorithms [kex: "curve25519-sha256", pubkey: "rsa-sha2-512", c_enc: "chacha20-poly1305@openssh.com", s_enc: "chacha20-poly1305@openssh.com", c_mac: "hmac-sha2-256", s_mac: "hmac-sha2-256", c_compress: "none", s_compress: "none"]
2022-12-10 12:09:59.494+08 0ms INFO tokio-runtime-worker@C:\Users\Seed6\.cargo\registry\src\rsproxy.cn-8f6827c7555bfaf8\ssh-rs-0.3.1\src\client\client_kex.rs:125 signature verification success.
2022-12-10 12:09:59.494+08 0ms INFO tokio-runtime-worker@C:\Users\Seed6\.cargo\registry\src\rsproxy.cn-8f6827c7555bfaf8\ssh-rs-0.3.1\src\client\client_kex.rs:165 send new keys
2022-12-10 12:09:59.494+08 0ms INFO tokio-runtime-worker@C:\Users\Seed6\.cargo\registry\src\rsproxy.cn-8f6827c7555bfaf8\ssh-rs-0.3.1\src\client\client_kex.rs:84 key negotiation successful.
2022-12-10 12:09:59.494+08 0ms INFO tokio-runtime-worker@C:\Users\Seed6\.cargo\registry\src\rsproxy.cn-8f6827c7555bfaf8\ssh-rs-0.3.1\src\client\client_auth.rs:17 Auth start
2022-12-10 12:09:59.494+08 0ms INFO tokio-runtime-worker@C:\Users\Seed6\.cargo\registry\src\rsproxy.cn-8f6827c7555bfaf8\ssh-rs-0.3.1\src\client\client_auth.rs:76 password authentication.
2022-12-10 12:10:00.495+08 0ms ERROR tokio-runtime-worker@C:\Users\Seed6\.cargo\registry\src\rsproxy.cn-8f6827c7555bfaf8\ssh-rs-0.3.1\src\model\timeout.rs:22 time out.
2022-12-10 12:10:00.534+08 0ms ERROR tokio-runtime-worker@src\LinuxService\src\Gui_src\src\lib.rs:45 Error: { Kind(Timeout) }
2022-12-10 12:25:18.053+08 0ms ERROR tokio-runtime-worker@C:\Users\Seed6\.cargo\registry\src\rsproxy.cn-8f6827c7555bfaf8\ssh-rs-0.3.1\src\session\mod.rs:180 Parse private key from file: Error: { Kind(SshError("系統找不到指定的路徑。 (os error 3)")) }, will fallback to password authentication
2022-12-10 12:25:18.055+08 0ms INFO tokio-runtime-worker@C:\Users\Seed6\.cargo\registry\src\rsproxy.cn-8f6827c7555bfaf8\ssh-rs-0.3.1\src\session\mod.rs:50 start for version negotiation.
2022-12-10 12:25:18.063+08 0ms INFO tokio-runtime-worker@C:\Users\Seed6\.cargo\registry\src\rsproxy.cn-8f6827c7555bfaf8\ssh-rs-0.3.1\src\config\version.rs:59 server version: [SSH-2.0-OpenSSH_9.0p1 Debian-1+b1]
2022-12-10 12:25:18.063+08 0ms INFO tokio-runtime-worker@C:\Users\Seed6\.cargo\registry\src\rsproxy.cn-8f6827c7555bfaf8\ssh-rs-0.3.1\src\config\version.rs:85 version negotiation was successful.
2022-12-10 12:25:18.063+08 0ms INFO tokio-runtime-worker@C:\Users\Seed6\.cargo\registry\src\rsproxy.cn-8f6827c7555bfaf8\ssh-rs-0.3.1\src\config\version.rs:77 client version: [SSH-2.0-SSH_RS-0.3.1]
2022-12-10 12:25:18.064+08 0ms INFO tokio-runtime-worker@C:\Users\Seed6\.cargo\registry\src\rsproxy.cn-8f6827c7555bfaf8\ssh-rs-0.3.1\src\config\algorithm.rs:135 server key exchange: ["sntrup761x25519-sha512@openssh.com", "curve25519-sha256", "curve25519-sha256@libssh.org", "ecdh-sha2-nistp256", "ecdh-sha2-nistp384", "ecdh-sha2-nistp521", "diffie-hellman-group-exchange-sha256", "diffie-hellman-group16-sha512", "diffie-hellman-group18-sha512", "diffie-hellman-group14-sha256"]
2022-12-10 12:25:18.064+08 0ms INFO tokio-runtime-worker@C:\Users\Seed6\.cargo\registry\src\rsproxy.cn-8f6827c7555bfaf8\ssh-rs-0.3.1\src\config\algorithm.rs:136 server public key: ["rsa-sha2-512", "rsa-sha2-256", "ecdsa-sha2-nistp256", "ssh-ed25519"]
2022-12-10 12:25:18.064+08 0ms INFO tokio-runtime-worker@C:\Users\Seed6\.cargo\registry\src\rsproxy.cn-8f6827c7555bfaf8\ssh-rs-0.3.1\src\config\algorithm.rs:137 server c2s encryption: ["chacha20-poly1305@openssh.com", "aes128-ctr", "aes192-ctr", "aes256-ctr", "aes128-gcm@openssh.com", "aes256-gcm@openssh.com"]
2022-12-10 12:25:18.064+08 0ms INFO tokio-runtime-worker@C:\Users\Seed6\.cargo\registry\src\rsproxy.cn-8f6827c7555bfaf8\ssh-rs-0.3.1\src\config\algorithm.rs:138 server s2c encryption: ["chacha20-poly1305@openssh.com", "aes128-ctr", "aes192-ctr", "aes256-ctr", "aes128-gcm@openssh.com", "aes256-gcm@openssh.com"]
2022-12-10 12:25:18.064+08 0ms INFO tokio-runtime-worker@C:\Users\Seed6\.cargo\registry\src\rsproxy.cn-8f6827c7555bfaf8\ssh-rs-0.3.1\src\config\algorithm.rs:139 server c2s mac: ["umac-64-etm@openssh.com", "umac-128-etm@openssh.com", "hmac-sha2-256-etm@openssh.com", "hmac-sha2-512-etm@openssh.com", "hmac-sha1-etm@openssh.com", "umac-64@openssh.com", "umac-128@openssh.com", "hmac-sha2-256", "hmac-sha2-512", "hmac-sha1"]
2022-12-10 12:25:18.064+08 0ms INFO tokio-runtime-worker@C:\Users\Seed6\.cargo\registry\src\rsproxy.cn-8f6827c7555bfaf8\ssh-rs-0.3.1\src\config\algorithm.rs:140 server s2c mac: ["umac-64-etm@openssh.com", "umac-128-etm@openssh.com", "hmac-sha2-256-etm@openssh.com", "hmac-sha2-512-etm@openssh.com", "hmac-sha1-etm@openssh.com", "umac-64@openssh.com", "umac-128@openssh.com", "hmac-sha2-256", "hmac-sha2-512", "hmac-sha1"]
2022-12-10 12:25:18.064+08 0ms INFO tokio-runtime-worker@C:\Users\Seed6\.cargo\registry\src\rsproxy.cn-8f6827c7555bfaf8\ssh-rs-0.3.1\src\config\algorithm.rs:141 server c2s compression: ["none", "zlib@openssh.com"]
2022-12-10 12:25:18.064+08 0ms INFO tokio-runtime-worker@C:\Users\Seed6\.cargo\registry\src\rsproxy.cn-8f6827c7555bfaf8\ssh-rs-0.3.1\src\config\algorithm.rs:142 server s2c compression: ["none", "zlib@openssh.com"]
2022-12-10 12:25:18.064+08 0ms INFO tokio-runtime-worker@C:\Users\Seed6\.cargo\registry\src\rsproxy.cn-8f6827c7555bfaf8\ssh-rs-0.3.1\src\client\client_kex.rs:34 start for key negotiation.
2022-12-10 12:25:18.064+08 0ms INFO tokio-runtime-worker@C:\Users\Seed6\.cargo\registry\src\rsproxy.cn-8f6827c7555bfaf8\ssh-rs-0.3.1\src\client\client_kex.rs:35 send client algorithm list.
2022-12-10 12:25:18.064+08 0ms INFO tokio-runtime-worker@C:\Users\Seed6\.cargo\registry\src\rsproxy.cn-8f6827c7555bfaf8\ssh-rs-0.3.1\src\config\algorithm.rs:221 client algorithms: [kex: "curve25519-sha256,ecdh-sha2-nistp256,diffie-hellman-group14-sha256,diffie-hellman-group14-sha1", pubkey: "rsa-sha2-512,rsa-sha2-256", c_enc: "chacha20-poly1305@openssh.com,aes128-ctr", s_enc: "chacha20-poly1305@openssh.com,aes128-ctr", c_mac: "hmac-sha2-256,hmac-sha2-512,hmac-sha1", s_mac: "hmac-sha2-256,hmac-sha2-512,hmac-sha1", c_compress: "none", s_compress: "none"]
2022-12-10 12:25:18.064+08 0ms INFO tokio-runtime-worker@C:\Users\Seed6\.cargo\registry\src\rsproxy.cn-8f6827c7555bfaf8\ssh-rs-0.3.1\src\config\algorithm.rs:200 matched algorithms [kex: "curve25519-sha256", pubkey: "rsa-sha2-512", c_enc: "chacha20-poly1305@openssh.com", s_enc: "chacha20-poly1305@openssh.com", c_mac: "hmac-sha2-256", s_mac: "hmac-sha2-256", c_compress: "none", s_compress: "none"]
2022-12-10 12:25:18.078+08 0ms INFO tokio-runtime-worker@C:\Users\Seed6\.cargo\registry\src\rsproxy.cn-8f6827c7555bfaf8\ssh-rs-0.3.1\src\client\client_kex.rs:125 signature verification success.
2022-12-10 12:25:18.078+08 0ms INFO tokio-runtime-worker@C:\Users\Seed6\.cargo\registry\src\rsproxy.cn-8f6827c7555bfaf8\ssh-rs-0.3.1\src\client\client_kex.rs:165 send new keys
2022-12-10 12:25:18.078+08 0ms INFO tokio-runtime-worker@C:\Users\Seed6\.cargo\registry\src\rsproxy.cn-8f6827c7555bfaf8\ssh-rs-0.3.1\src\client\client_kex.rs:84 key negotiation successful.
2022-12-10 12:25:18.078+08 0ms INFO tokio-runtime-worker@C:\Users\Seed6\.cargo\registry\src\rsproxy.cn-8f6827c7555bfaf8\ssh-rs-0.3.1\src\client\client_auth.rs:17 Auth start
2022-12-10 12:25:18.078+08 0ms INFO tokio-runtime-worker@C:\Users\Seed6\.cargo\registry\src\rsproxy.cn-8f6827c7555bfaf8\ssh-rs-0.3.1\src\client\client_auth.rs:76 password authentication.
2022-12-10 12:25:18.161+08 0ms INFO tokio-runtime-worker@C:\Users\Seed6\.cargo\registry\src\rsproxy.cn-8f6827c7555bfaf8\ssh-rs-0.3.1\src\client\client_auth.rs:59 user auth successful.
2022-12-10 12:25:18.161+08 0ms INFO tokio-runtime-worker@C:\Users\Seed6\.cargo\registry\src\rsproxy.cn-8f6827c7555bfaf8\ssh-rs-0.3.1\src\session\session_local.rs:73 channel opened.
2022-12-10 12:25:18.248+08 0ms INFO tokio-runtime-worker@C:\Users\Seed6\.cargo\registry\src\rsproxy.cn-8f6827c7555bfaf8\ssh-rs-0.3.1\src\channel\local\channel.rs:57 exec opened.
2022-12-10 12:25:18.253+08 0ms INFO tokio-runtime-worker@C:\Users\Seed6\.cargo\registry\src\rsproxy.cn-8f6827c7555bfaf8\ssh-rs-0.3.1\src\session\session_local.rs:39 Client close
2022-12-10 12:25:18.253+08 0ms ERROR tokio-runtime-worker@C:\Users\Seed6\.cargo\registry\src\rsproxy.cn-8f6827c7555bfaf8\ssh-rs-0.3.1\src\session\mod.rs:180 Parse private key from file: Error: { Kind(SshError("系統找不到指定的路徑。 (os error 3)")) }, will fallback to password authentication
2022-12-10 12:25:18.253+08 0ms INFO tokio-runtime-worker@C:\Users\Seed6\.cargo\registry\src\rsproxy.cn-8f6827c7555bfaf8\ssh-rs-0.3.1\src\session\mod.rs:50 start for version negotiation.
2022-12-10 12:25:18.261+08 0ms INFO tokio-runtime-worker@C:\Users\Seed6\.cargo\registry\src\rsproxy.cn-8f6827c7555bfaf8\ssh-rs-0.3.1\src\config\version.rs:59 server version: [SSH-2.0-OpenSSH_9.0p1 Debian-1+b1]
2022-12-10 12:25:18.261+08 0ms INFO tokio-runtime-worker@C:\Users\Seed6\.cargo\registry\src\rsproxy.cn-8f6827c7555bfaf8\ssh-rs-0.3.1\src\config\version.rs:85 version negotiation was successful.
2022-12-10 12:25:18.261+08 0ms INFO tokio-runtime-worker@C:\Users\Seed6\.cargo\registry\src\rsproxy.cn-8f6827c7555bfaf8\ssh-rs-0.3.1\src\config\version.rs:77 client version: [SSH-2.0-SSH_RS-0.3.1]
2022-12-10 12:25:18.262+08 0ms INFO tokio-runtime-worker@C:\Users\Seed6\.cargo\registry\src\rsproxy.cn-8f6827c7555bfaf8\ssh-rs-0.3.1\src\config\algorithm.rs:135 server key exchange: ["sntrup761x25519-sha512@openssh.com", "curve25519-sha256", "curve25519-sha256@libssh.org", "ecdh-sha2-nistp256", "ecdh-sha2-nistp384", "ecdh-sha2-nistp521", "diffie-hellman-group-exchange-sha256", "diffie-hellman-group16-sha512", "diffie-hellman-group18-sha512", "diffie-hellman-group14-sha256"]
2022-12-10 12:25:18.262+08 1ms INFO tokio-runtime-worker@C:\Users\Seed6\.cargo\registry\src\rsproxy.cn-8f6827c7555bfaf8\ssh-rs-0.3.1\src\config\algorithm.rs:136 server public key: ["rsa-sha2-512", "rsa-sha2-256", "ecdsa-sha2-nistp256", "ssh-ed25519"]
2022-12-10 12:25:18.262+08 1ms INFO tokio-runtime-worker@C:\Users\Seed6\.cargo\registry\src\rsproxy.cn-8f6827c7555bfaf8\ssh-rs-0.3.1\src\config\algorithm.rs:137 server c2s encryption: ["chacha20-poly1305@openssh.com", "aes128-ctr", "aes192-ctr", "aes256-ctr", "aes128-gcm@openssh.com", "aes256-gcm@openssh.com"]
2022-12-10 12:25:18.262+08 1ms INFO tokio-runtime-worker@C:\Users\Seed6\.cargo\registry\src\rsproxy.cn-8f6827c7555bfaf8\ssh-rs-0.3.1\src\config\algorithm.rs:138 server s2c encryption: ["chacha20-poly1305@openssh.com", "aes128-ctr", "aes192-ctr", "aes256-ctr", "aes128-gcm@openssh.com", "aes256-gcm@openssh.com"]
2022-12-10 12:25:18.262+08 1ms INFO tokio-runtime-worker@C:\Users\Seed6\.cargo\registry\src\rsproxy.cn-8f6827c7555bfaf8\ssh-rs-0.3.1\src\config\algorithm.rs:139 server c2s mac: ["umac-64-etm@openssh.com", "umac-128-etm@openssh.com", "hmac-sha2-256-etm@openssh.com", "hmac-sha2-512-etm@openssh.com", "hmac-sha1-etm@openssh.com", "umac-64@openssh.com", "umac-128@openssh.com", "hmac-sha2-256", "hmac-sha2-512", "hmac-sha1"]
2022-12-10 12:25:18.262+08 1ms INFO tokio-runtime-worker@C:\Users\Seed6\.cargo\registry\src\rsproxy.cn-8f6827c7555bfaf8\ssh-rs-0.3.1\src\config\algorithm.rs:140 server s2c mac: ["umac-64-etm@openssh.com", "umac-128-etm@openssh.com", "hmac-sha2-256-etm@openssh.com", "hmac-sha2-512-etm@openssh.com", "hmac-sha1-etm@openssh.com", "umac-64@openssh.com", "umac-128@openssh.com", "hmac-sha2-256", "hmac-sha2-512", "hmac-sha1"]
2022-12-10 12:25:18.262+08 1ms INFO tokio-runtime-worker@C:\Users\Seed6\.cargo\registry\src\rsproxy.cn-8f6827c7555bfaf8\ssh-rs-0.3.1\src\config\algorithm.rs:141 server c2s compression: ["none", "zlib@openssh.com"]
2022-12-10 12:25:18.262+08 1ms INFO tokio-runtime-worker@C:\Users\Seed6\.cargo\registry\src\rsproxy.cn-8f6827c7555bfaf8\ssh-rs-0.3.1\src\config\algorithm.rs:142 server s2c compression: ["none", "zlib@openssh.com"]
2022-12-10 12:25:18.262+08 1ms INFO tokio-runtime-worker@C:\Users\Seed6\.cargo\registry\src\rsproxy.cn-8f6827c7555bfaf8\ssh-rs-0.3.1\src\client\client_kex.rs:34 start for key negotiation.
2022-12-10 12:25:18.262+08 1ms INFO tokio-runtime-worker@C:\Users\Seed6\.cargo\registry\src\rsproxy.cn-8f6827c7555bfaf8\ssh-rs-0.3.1\src\client\client_kex.rs:35 send client algorithm list.
2022-12-10 12:25:18.262+08 1ms INFO tokio-runtime-worker@C:\Users\Seed6\.cargo\registry\src\rsproxy.cn-8f6827c7555bfaf8\ssh-rs-0.3.1\src\config\algorithm.rs:221 client algorithms: [kex: "curve25519-sha256,ecdh-sha2-nistp256,diffie-hellman-group14-sha256,diffie-hellman-group14-sha1", pubkey: "rsa-sha2-512,rsa-sha2-256", c_enc: "chacha20-poly1305@openssh.com,aes128-ctr", s_enc: "chacha20-poly1305@openssh.com,aes128-ctr", c_mac: "hmac-sha2-256,hmac-sha2-512,hmac-sha1", s_mac: "hmac-sha2-256,hmac-sha2-512,hmac-sha1", c_compress: "none", s_compress: "none"]
2022-12-10 12:25:18.262+08 1ms INFO tokio-runtime-worker@C:\Users\Seed6\.cargo\registry\src\rsproxy.cn-8f6827c7555bfaf8\ssh-rs-0.3.1\src\config\algorithm.rs:200 matched algorithms [kex: "curve25519-sha256", pubkey: "rsa-sha2-512", c_enc: "chacha20-poly1305@openssh.com", s_enc: "chacha20-poly1305@openssh.com", c_mac: "hmac-sha2-256", s_mac: "hmac-sha2-256", c_compress: "none", s_compress: "none"]
2022-12-10 12:25:18.275+08 0ms INFO tokio-runtime-worker@C:\Users\Seed6\.cargo\registry\src\rsproxy.cn-8f6827c7555bfaf8\ssh-rs-0.3.1\src\client\client_kex.rs:125 signature verification success.
2022-12-10 12:25:18.275+08 0ms INFO tokio-runtime-worker@C:\Users\Seed6\.cargo\registry\src\rsproxy.cn-8f6827c7555bfaf8\ssh-rs-0.3.1\src\client\client_kex.rs:165 send new keys
2022-12-10 12:25:18.275+08 0ms INFO tokio-runtime-worker@C:\Users\Seed6\.cargo\registry\src\rsproxy.cn-8f6827c7555bfaf8\ssh-rs-0.3.1\src\client\client_kex.rs:84 key negotiation successful.
2022-12-10 12:25:18.275+08 0ms INFO tokio-runtime-worker@C:\Users\Seed6\.cargo\registry\src\rsproxy.cn-8f6827c7555bfaf8\ssh-rs-0.3.1\src\client\client_auth.rs:17 Auth start
2022-12-10 12:25:18.275+08 1ms INFO tokio-runtime-worker@C:\Users\Seed6\.cargo\registry\src\rsproxy.cn-8f6827c7555bfaf8\ssh-rs-0.3.1\src\client\client_auth.rs:76 password authentication.
2022-12-10 12:25:18.318+08 0ms INFO tokio-runtime-worker@C:\Users\Seed6\.cargo\registry\src\rsproxy.cn-8f6827c7555bfaf8\ssh-rs-0.3.1\src\client\client_auth.rs:59 user auth successful.
2022-12-10 12:25:18.318+08 0ms INFO tokio-runtime-worker@C:\Users\Seed6\.cargo\registry\src\rsproxy.cn-8f6827c7555bfaf8\ssh-rs-0.3.1\src\session\session_local.rs:73 channel opened.
2022-12-10 12:25:18.450+08 0ms INFO tokio-runtime-worker@C:\Users\Seed6\.cargo\registry\src\rsproxy.cn-8f6827c7555bfaf8\ssh-rs-0.3.1\src\channel\local\channel.rs:57 exec opened.
2022-12-10 12:25:18.455+08 0ms INFO tokio-runtime-worker@C:\Users\Seed6\.cargo\registry\src\rsproxy.cn-8f6827c7555bfaf8\ssh-rs-0.3.1\src\session\session_local.rs:39 Client close
2022-12-10 12:27:22.098+08 0ms ERROR tokio-runtime-worker@C:\Users\Seed6\.cargo\registry\src\rsproxy.cn-8f6827c7555bfaf8\ssh-rs-0.3.1\src\session\mod.rs:180 Parse private key from file: Error: { Kind(SshError("系統找不到指定的路徑。 (os error 3)")) }, will fallback to password authentication
2022-12-10 12:27:22.100+08 0ms INFO tokio-runtime-worker@C:\Users\Seed6\.cargo\registry\src\rsproxy.cn-8f6827c7555bfaf8\ssh-rs-0.3.1\src\session\mod.rs:50 start for version negotiation.
2022-12-10 12:27:22.107+08 0ms INFO tokio-runtime-worker@C:\Users\Seed6\.cargo\registry\src\rsproxy.cn-8f6827c7555bfaf8\ssh-rs-0.3.1\src\config\version.rs:59 server version: [SSH-2.0-OpenSSH_9.0p1 Debian-1+b1]
2022-12-10 12:27:22.108+08 0ms INFO tokio-runtime-worker@C:\Users\Seed6\.cargo\registry\src\rsproxy.cn-8f6827c7555bfaf8\ssh-rs-0.3.1\src\config\version.rs:85 version negotiation was successful.
2022-12-10 12:27:22.108+08 0ms INFO tokio-runtime-worker@C:\Users\Seed6\.cargo\registry\src\rsproxy.cn-8f6827c7555bfaf8\ssh-rs-0.3.1\src\config\version.rs:77 client version: [SSH-2.0-SSH_RS-0.3.1]
2022-12-10 12:27:22.109+08 0ms INFO tokio-runtime-worker@C:\Users\Seed6\.cargo\registry\src\rsproxy.cn-8f6827c7555bfaf8\ssh-rs-0.3.1\src\config\algorithm.rs:135 server key exchange: ["sntrup761x25519-sha512@openssh.com", "curve25519-sha256", "curve25519-sha256@libssh.org", "ecdh-sha2-nistp256", "ecdh-sha2-nistp384", "ecdh-sha2-nistp521", "diffie-hellman-group-exchange-sha256", "diffie-hellman-group16-sha512", "diffie-hellman-group18-sha512", "diffie-hellman-group14-sha256"]
2022-12-10 12:27:22.109+08 0ms INFO tokio-runtime-worker@C:\Users\Seed6\.cargo\registry\src\rsproxy.cn-8f6827c7555bfaf8\ssh-rs-0.3.1\src\config\algorithm.rs:136 server public key: ["rsa-sha2-512", "rsa-sha2-256", "ecdsa-sha2-nistp256", "ssh-ed25519"]
2022-12-10 12:27:22.109+08 0ms INFO tokio-runtime-worker@C:\Users\Seed6\.cargo\registry\src\rsproxy.cn-8f6827c7555bfaf8\ssh-rs-0.3.1\src\config\algorithm.rs:137 server c2s encryption: ["chacha20-poly1305@openssh.com", "aes128-ctr", "aes192-ctr", "aes256-ctr", "aes128-gcm@openssh.com", "aes256-gcm@openssh.com"]
2022-12-10 12:27:22.109+08 0ms INFO tokio-runtime-worker@C:\Users\Seed6\.cargo\registry\src\rsproxy.cn-8f6827c7555bfaf8\ssh-rs-0.3.1\src\config\algorithm.rs:138 server s2c encryption: ["chacha20-poly1305@openssh.com", "aes128-ctr", "aes192-ctr", "aes256-ctr", "aes128-gcm@openssh.com", "aes256-gcm@openssh.com"]
2022-12-10 12:27:22.109+08 0ms INFO tokio-runtime-worker@C:\Users\Seed6\.cargo\registry\src\rsproxy.cn-8f6827c7555bfaf8\ssh-rs-0.3.1\src\config\algorithm.rs:139 server c2s mac: ["umac-64-etm@openssh.com", "umac-128-etm@openssh.com", "hmac-sha2-256-etm@openssh.com", "hmac-sha2-512-etm@openssh.com", "hmac-sha1-etm@openssh.com", "umac-64@openssh.com", "umac-128@openssh.com", "hmac-sha2-256", "hmac-sha2-512", "hmac-sha1"]
2022-12-10 12:27:22.109+08 0ms INFO tokio-runtime-worker@C:\Users\Seed6\.cargo\registry\src\rsproxy.cn-8f6827c7555bfaf8\ssh-rs-0.3.1\src\config\algorithm.rs:140 server s2c mac: ["umac-64-etm@openssh.com", "umac-128-etm@openssh.com", "hmac-sha2-256-etm@openssh.com", "hmac-sha2-512-etm@openssh.com", "hmac-sha1-etm@openssh.com", "umac-64@openssh.com", "umac-128@openssh.com", "hmac-sha2-256", "hmac-sha2-512", "hmac-sha1"]
2022-12-10 12:27:22.109+08 0ms INFO tokio-runtime-worker@C:\Users\Seed6\.cargo\registry\src\rsproxy.cn-8f6827c7555bfaf8\ssh-rs-0.3.1\src\config\algorithm.rs:141 server c2s compression: ["none", "zlib@openssh.com"]
2022-12-10 12:27:22.109+08 0ms INFO tokio-runtime-worker@C:\Users\Seed6\.cargo\registry\src\rsproxy.cn-8f6827c7555bfaf8\ssh-rs-0.3.1\src\config\algorithm.rs:142 server s2c compression: ["none", "zlib@openssh.com"]
2022-12-10 12:27:22.109+08 0ms INFO tokio-runtime-worker@C:\Users\Seed6\.cargo\registry\src\rsproxy.cn-8f6827c7555bfaf8\ssh-rs-0.3.1\src\client\client_kex.rs:34 start for key negotiation.
2022-12-10 12:27:22.109+08 0ms INFO tokio-runtime-worker@C:\Users\Seed6\.cargo\registry\src\rsproxy.cn-8f6827c7555bfaf8\ssh-rs-0.3.1\src\client\client_kex.rs:35 send client algorithm list.
2022-12-10 12:27:22.109+08 0ms INFO tokio-runtime-worker@C:\Users\Seed6\.cargo\registry\src\rsproxy.cn-8f6827c7555bfaf8\ssh-rs-0.3.1\src\config\algorithm.rs:221 client algorithms: [kex: "curve25519-sha256,ecdh-sha2-nistp256,diffie-hellman-group14-sha256,diffie-hellman-group14-sha1", pubkey: "rsa-sha2-512,rsa-sha2-256", c_enc: "chacha20-poly1305@openssh.com,aes128-ctr", s_enc: "chacha20-poly1305@openssh.com,aes128-ctr", c_mac: "hmac-sha2-256,hmac-sha2-512,hmac-sha1", s_mac: "hmac-sha2-256,hmac-sha2-512,hmac-sha1", c_compress: "none", s_compress: "none"]
2022-12-10 12:27:22.109+08 0ms INFO tokio-runtime-worker@C:\Users\Seed6\.cargo\registry\src\rsproxy.cn-8f6827c7555bfaf8\ssh-rs-0.3.1\src\config\algorithm.rs:200 matched algorithms [kex: "curve25519-sha256", pubkey: "rsa-sha2-512", c_enc: "chacha20-poly1305@openssh.com", s_enc: "chacha20-poly1305@openssh.com", c_mac: "hmac-sha2-256", s_mac: "hmac-sha2-256", c_compress: "none", s_compress: "none"]
2022-12-10 12:27:22.122+08 0ms INFO tokio-runtime-worker@C:\Users\Seed6\.cargo\registry\src\rsproxy.cn-8f6827c7555bfaf8\ssh-rs-0.3.1\src\client\client_kex.rs:125 signature verification success.
2022-12-10 12:27:22.122+08 0ms INFO tokio-runtime-worker@C:\Users\Seed6\.cargo\registry\src\rsproxy.cn-8f6827c7555bfaf8\ssh-rs-0.3.1\src\client\client_kex.rs:165 send new keys
2022-12-10 12:27:22.122+08 0ms INFO tokio-runtime-worker@C:\Users\Seed6\.cargo\registry\src\rsproxy.cn-8f6827c7555bfaf8\ssh-rs-0.3.1\src\client\client_kex.rs:84 key negotiation successful.
2022-12-10 12:27:22.122+08 0ms INFO tokio-runtime-worker@C:\Users\Seed6\.cargo\registry\src\rsproxy.cn-8f6827c7555bfaf8\ssh-rs-0.3.1\src\client\client_auth.rs:17 Auth start
2022-12-10 12:27:22.122+08 0ms INFO tokio-runtime-worker@C:\Users\Seed6\.cargo\registry\src\rsproxy.cn-8f6827c7555bfaf8\ssh-rs-0.3.1\src\client\client_auth.rs:76 password authentication.
2022-12-10 12:27:22.177+08 0ms INFO tokio-runtime-worker@C:\Users\Seed6\.cargo\registry\src\rsproxy.cn-8f6827c7555bfaf8\ssh-rs-0.3.1\src\client\client_auth.rs:59 user auth successful.
2022-12-10 12:27:22.177+08 0ms INFO tokio-runtime-worker@C:\Users\Seed6\.cargo\registry\src\rsproxy.cn-8f6827c7555bfaf8\ssh-rs-0.3.1\src\session\session_local.rs:73 channel opened.
2022-12-10 12:27:22.274+08 0ms INFO tokio-runtime-worker@C:\Users\Seed6\.cargo\registry\src\rsproxy.cn-8f6827c7555bfaf8\ssh-rs-0.3.1\src\channel\local\channel.rs:57 exec opened.
2022-12-10 12:27:22.280+08 0ms INFO tokio-runtime-worker@C:\Users\Seed6\.cargo\registry\src\rsproxy.cn-8f6827c7555bfaf8\ssh-rs-0.3.1\src\session\session_local.rs:39 Client close
2022-12-10 12:27:22.280+08 0ms ERROR tokio-runtime-worker@C:\Users\Seed6\.cargo\registry\src\rsproxy.cn-8f6827c7555bfaf8\ssh-rs-0.3.1\src\session\mod.rs:180 Parse private key from file: Error: { Kind(SshError("系統找不到指定的路徑。 (os error 3)")) }, will fallback to password authentication
2022-12-10 12:27:22.281+08 0ms INFO tokio-runtime-worker@C:\Users\Seed6\.cargo\registry\src\rsproxy.cn-8f6827c7555bfaf8\ssh-rs-0.3.1\src\session\mod.rs:50 start for version negotiation.
2022-12-10 12:27:22.288+08 0ms INFO tokio-runtime-worker@C:\Users\Seed6\.cargo\registry\src\rsproxy.cn-8f6827c7555bfaf8\ssh-rs-0.3.1\src\config\version.rs:59 server version: [SSH-2.0-OpenSSH_9.0p1 Debian-1+b1]
2022-12-10 12:27:22.288+08 0ms INFO tokio-runtime-worker@C:\Users\Seed6\.cargo\registry\src\rsproxy.cn-8f6827c7555bfaf8\ssh-rs-0.3.1\src\config\version.rs:85 version negotiation was successful.
2022-12-10 12:27:22.288+08 0ms INFO tokio-runtime-worker@C:\Users\Seed6\.cargo\registry\src\rsproxy.cn-8f6827c7555bfaf8\ssh-rs-0.3.1\src\config\version.rs:77 client version: [SSH-2.0-SSH_RS-0.3.1]
2022-12-10 12:27:22.290+08 0ms INFO tokio-runtime-worker@C:\Users\Seed6\.cargo\registry\src\rsproxy.cn-8f6827c7555bfaf8\ssh-rs-0.3.1\src\config\algorithm.rs:135 server key exchange: ["sntrup761x25519-sha512@openssh.com", "curve25519-sha256", "curve25519-sha256@libssh.org", "ecdh-sha2-nistp256", "ecdh-sha2-nistp384", "ecdh-sha2-nistp521", "diffie-hellman-group-exchange-sha256", "diffie-hellman-group16-sha512", "diffie-hellman-group18-sha512", "diffie-hellman-group14-sha256"]
2022-12-10 12:27:22.290+08 0ms INFO tokio-runtime-worker@C:\Users\Seed6\.cargo\registry\src\rsproxy.cn-8f6827c7555bfaf8\ssh-rs-0.3.1\src\config\algorithm.rs:136 server public key: ["rsa-sha2-512", "rsa-sha2-256", "ecdsa-sha2-nistp256", "ssh-ed25519"]
2022-12-10 12:27:22.290+08 0ms INFO tokio-runtime-worker@C:\Users\Seed6\.cargo\registry\src\rsproxy.cn-8f6827c7555bfaf8\ssh-rs-0.3.1\src\config\algorithm.rs:137 server c2s encryption: ["chacha20-poly1305@openssh.com", "aes128-ctr", "aes192-ctr", "aes256-ctr", "aes128-gcm@openssh.com", "aes256-gcm@openssh.com"]
2022-12-10 12:27:22.290+08 0ms INFO tokio-runtime-worker@C:\Users\Seed6\.cargo\registry\src\rsproxy.cn-8f6827c7555bfaf8\ssh-rs-0.3.1\src\config\algorithm.rs:138 server s2c encryption: ["chacha20-poly1305@openssh.com", "aes128-ctr", "aes192-ctr", "aes256-ctr", "aes128-gcm@openssh.com", "aes256-gcm@openssh.com"]
2022-12-10 12:27:22.290+08 0ms INFO tokio-runtime-worker@C:\Users\Seed6\.cargo\registry\src\rsproxy.cn-8f6827c7555bfaf8\ssh-rs-0.3.1\src\config\algorithm.rs:139 server c2s mac: ["umac-64-etm@openssh.com", "umac-128-etm@openssh.com", "hmac-sha2-256-etm@openssh.com", "hmac-sha2-512-etm@openssh.com", "hmac-sha1-etm@openssh.com", "umac-64@openssh.com", "umac-128@openssh.com", "hmac-sha2-256", "hmac-sha2-512", "hmac-sha1"]
2022-12-10 12:27:22.290+08 0ms INFO tokio-runtime-worker@C:\Users\Seed6\.cargo\registry\src\rsproxy.cn-8f6827c7555bfaf8\ssh-rs-0.3.1\src\config\algorithm.rs:140 server s2c mac: ["umac-64-etm@openssh.com", "umac-128-etm@openssh.com", "hmac-sha2-256-etm@openssh.com", "hmac-sha2-512-etm@openssh.com", "hmac-sha1-etm@openssh.com", "umac-64@openssh.com", "umac-128@openssh.com", "hmac-sha2-256", "hmac-sha2-512", "hmac-sha1"]
2022-12-10 12:27:22.290+08 0ms INFO tokio-runtime-worker@C:\Users\Seed6\.cargo\registry\src\rsproxy.cn-8f6827c7555bfaf8\ssh-rs-0.3.1\src\config\algorithm.rs:141 server c2s compression: ["none", "zlib@openssh.com"]
2022-12-10 12:27:22.290+08 0ms INFO tokio-runtime-worker@C:\Users\Seed6\.cargo\registry\src\rsproxy.cn-8f6827c7555bfaf8\ssh-rs-0.3.1\src\config\algorithm.rs:142 server s2c compression: ["none", "zlib@openssh.com"]
2022-12-10 12:27:22.290+08 0ms INFO tokio-runtime-worker@C:\Users\Seed6\.cargo\registry\src\rsproxy.cn-8f6827c7555bfaf8\ssh-rs-0.3.1\src\client\client_kex.rs:34 start for key negotiation.
2022-12-10 12:27:22.290+08 0ms INFO tokio-runtime-worker@C:\Users\Seed6\.cargo\registry\src\rsproxy.cn-8f6827c7555bfaf8\ssh-rs-0.3.1\src\client\client_kex.rs:35 send client algorithm list.
2022-12-10 12:27:22.290+08 0ms INFO tokio-runtime-worker@C:\Users\Seed6\.cargo\registry\src\rsproxy.cn-8f6827c7555bfaf8\ssh-rs-0.3.1\src\config\algorithm.rs:221 client algorithms: [kex: "curve25519-sha256,ecdh-sha2-nistp256,diffie-hellman-group14-sha256,diffie-hellman-group14-sha1", pubkey: "rsa-sha2-512,rsa-sha2-256", c_enc: "chacha20-poly1305@openssh.com,aes128-ctr", s_enc: "chacha20-poly1305@openssh.com,aes128-ctr", c_mac: "hmac-sha2-256,hmac-sha2-512,hmac-sha1", s_mac: "hmac-sha2-256,hmac-sha2-512,hmac-sha1", c_compress: "none", s_compress: "none"]
2022-12-10 12:27:22.290+08 0ms INFO tokio-runtime-worker@C:\Users\Seed6\.cargo\registry\src\rsproxy.cn-8f6827c7555bfaf8\ssh-rs-0.3.1\src\config\algorithm.rs:200 matched algorithms [kex: "curve25519-sha256", pubkey: "rsa-sha2-512", c_enc: "chacha20-poly1305@openssh.com", s_enc: "chacha20-poly1305@openssh.com", c_mac: "hmac-sha2-256", s_mac: "hmac-sha2-256", c_compress: "none", s_compress: "none"]
2022-12-10 12:27:22.303+08 0ms INFO tokio-runtime-worker@C:\Users\Seed6\.cargo\registry\src\rsproxy.cn-8f6827c7555bfaf8\ssh-rs-0.3.1\src\client\client_kex.rs:125 signature verification success.
2022-12-10 12:27:22.303+08 0ms INFO tokio-runtime-worker@C:\Users\Seed6\.cargo\registry\src\rsproxy.cn-8f6827c7555bfaf8\ssh-rs-0.3.1\src\client\client_kex.rs:165 send new keys
2022-12-10 12:27:22.303+08 0ms INFO tokio-runtime-worker@C:\Users\Seed6\.cargo\registry\src\rsproxy.cn-8f6827c7555bfaf8\ssh-rs-0.3.1\src\client\client_kex.rs:84 key negotiation successful.
2022-12-10 12:27:22.303+08 0ms INFO tokio-runtime-worker@C:\Users\Seed6\.cargo\registry\src\rsproxy.cn-8f6827c7555bfaf8\ssh-rs-0.3.1\src\client\client_auth.rs:17 Auth start
2022-12-10 12:27:22.303+08 0ms INFO tokio-runtime-worker@C:\Users\Seed6\.cargo\registry\src\rsproxy.cn-8f6827c7555bfaf8\ssh-rs-0.3.1\src\client\client_auth.rs:76 password authentication.
2022-12-10 12:27:22.342+08 0ms INFO tokio-runtime-worker@C:\Users\Seed6\.cargo\registry\src\rsproxy.cn-8f6827c7555bfaf8\ssh-rs-0.3.1\src\client\client_auth.rs:59 user auth successful.
2022-12-10 12:27:22.342+08 0ms INFO tokio-runtime-worker@C:\Users\Seed6\.cargo\registry\src\rsproxy.cn-8f6827c7555bfaf8\ssh-rs-0.3.1\src\session\session_local.rs:73 channel opened.
2022-12-10 12:27:22.486+08 0ms INFO tokio-runtime-worker@C:\Users\Seed6\.cargo\registry\src\rsproxy.cn-8f6827c7555bfaf8\ssh-rs-0.3.1\src\channel\local\channel.rs:57 exec opened.
2022-12-10 12:27:22.490+08 0ms INFO tokio-runtime-worker@C:\Users\Seed6\.cargo\registry\src\rsproxy.cn-8f6827c7555bfaf8\ssh-rs-0.3.1\src\session\session_local.rs:39 Client close
2022-12-10 12:38:10.265+08 0ms ERROR tokio-runtime-worker@C:\Users\Seed6\.cargo\registry\src\rsproxy.cn-8f6827c7555bfaf8\ssh-rs-0.3.1\src\session\mod.rs:180 Parse private key from file: Error: { Kind(SshError("系統找不到指定的路徑。 (os error 3)")) }, will fallback to password authentication
2022-12-10 12:38:10.268+08 0ms INFO tokio-runtime-worker@C:\Users\Seed6\.cargo\registry\src\rsproxy.cn-8f6827c7555bfaf8\ssh-rs-0.3.1\src\session\mod.rs:50 start for version negotiation.
2022-12-10 12:38:10.276+08 0ms INFO tokio-runtime-worker@C:\Users\Seed6\.cargo\registry\src\rsproxy.cn-8f6827c7555bfaf8\ssh-rs-0.3.1\src\config\version.rs:59 server version: [SSH-2.0-OpenSSH_9.0p1 Debian-1+b1]
2022-12-10 12:38:10.276+08 0ms INFO tokio-runtime-worker@C:\Users\Seed6\.cargo\registry\src\rsproxy.cn-8f6827c7555bfaf8\ssh-rs-0.3.1\src\config\version.rs:85 version negotiation was successful.
2022-12-10 12:38:10.276+08 0ms INFO tokio-runtime-worker@C:\Users\Seed6\.cargo\registry\src\rsproxy.cn-8f6827c7555bfaf8\ssh-rs-0.3.1\src\config\version.rs:77 client version: [SSH-2.0-SSH_RS-0.3.1]
2022-12-10 12:38:10.277+08 0ms INFO tokio-runtime-worker@C:\Users\Seed6\.cargo\registry\src\rsproxy.cn-8f6827c7555bfaf8\ssh-rs-0.3.1\src\config\algorithm.rs:135 server key exchange: ["sntrup761x25519-sha512@openssh.com", "curve25519-sha256", "curve25519-sha256@libssh.org", "ecdh-sha2-nistp256", "ecdh-sha2-nistp384", "ecdh-sha2-nistp521", "diffie-hellman-group-exchange-sha256", "diffie-hellman-group16-sha512", "diffie-hellman-group18-sha512", "diffie-hellman-group14-sha256"]
2022-12-10 12:38:10.277+08 0ms INFO tokio-runtime-worker@C:\Users\Seed6\.cargo\registry\src\rsproxy.cn-8f6827c7555bfaf8\ssh-rs-0.3.1\src\config\algorithm.rs:136 server public key: ["rsa-sha2-512", "rsa-sha2-256", "ecdsa-sha2-nistp256", "ssh-ed25519"]
2022-12-10 12:38:10.277+08 0ms INFO tokio-runtime-worker@C:\Users\Seed6\.cargo\registry\src\rsproxy.cn-8f6827c7555bfaf8\ssh-rs-0.3.1\src\config\algorithm.rs:137 server c2s encryption: ["chacha20-poly1305@openssh.com", "aes128-ctr", "aes192-ctr", "aes256-ctr", "aes128-gcm@openssh.com", "aes256-gcm@openssh.com"]
2022-12-10 12:38:10.277+08 0ms INFO tokio-runtime-worker@C:\Users\Seed6\.cargo\registry\src\rsproxy.cn-8f6827c7555bfaf8\ssh-rs-0.3.1\src\config\algorithm.rs:138 server s2c encryption: ["chacha20-poly1305@openssh.com", "aes128-ctr", "aes192-ctr", "aes256-ctr", "aes128-gcm@openssh.com", "aes256-gcm@openssh.com"]
2022-12-10 12:38:10.277+08 0ms INFO tokio-runtime-worker@C:\Users\Seed6\.cargo\registry\src\rsproxy.cn-8f6827c7555bfaf8\ssh-rs-0.3.1\src\config\algorithm.rs:139 server c2s mac: ["umac-64-etm@openssh.com", "umac-128-etm@openssh.com", "hmac-sha2-256-etm@openssh.com", "hmac-sha2-512-etm@openssh.com", "hmac-sha1-etm@openssh.com", "umac-64@openssh.com", "umac-128@openssh.com", "hmac-sha2-256", "hmac-sha2-512", "hmac-sha1"]
2022-12-10 12:38:10.277+08 0ms INFO tokio-runtime-worker@C:\Users\Seed6\.cargo\registry\src\rsproxy.cn-8f6827c7555bfaf8\ssh-rs-0.3.1\src\config\algorithm.rs:140 server s2c mac: ["umac-64-etm@openssh.com", "umac-128-etm@openssh.com", "hmac-sha2-256-etm@openssh.com", "hmac-sha2-512-etm@openssh.com", "hmac-sha1-etm@openssh.com", "umac-64@openssh.com", "umac-128@openssh.com", "hmac-sha2-256", "hmac-sha2-512", "hmac-sha1"]
2022-12-10 12:38:10.277+08 0ms INFO tokio-runtime-worker@C:\Users\Seed6\.cargo\registry\src\rsproxy.cn-8f6827c7555bfaf8\ssh-rs-0.3.1\src\config\algorithm.rs:141 server c2s compression: ["none", "zlib@openssh.com"]
2022-12-10 12:38:10.277+08 0ms INFO tokio-runtime-worker@C:\Users\Seed6\.cargo\registry\src\rsproxy.cn-8f6827c7555bfaf8\ssh-rs-0.3.1\src\config\algorithm.rs:142 server s2c compression: ["none", "zlib@openssh.com"]
2022-12-10 12:38:10.277+08 0ms INFO tokio-runtime-worker@C:\Users\Seed6\.cargo\registry\src\rsproxy.cn-8f6827c7555bfaf8\ssh-rs-0.3.1\src\client\client_kex.rs:34 start for key negotiation.
2022-12-10 12:38:10.277+08 0ms INFO tokio-runtime-worker@C:\Users\Seed6\.cargo\registry\src\rsproxy.cn-8f6827c7555bfaf8\ssh-rs-0.3.1\src\client\client_kex.rs:35 send client algorithm list.
2022-12-10 12:38:10.277+08 0ms INFO tokio-runtime-worker@C:\Users\Seed6\.cargo\registry\src\rsproxy.cn-8f6827c7555bfaf8\ssh-rs-0.3.1\src\config\algorithm.rs:221 client algorithms: [kex: "curve25519-sha256,ecdh-sha2-nistp256,diffie-hellman-group14-sha256,diffie-hellman-group14-sha1", pubkey: "rsa-sha2-512,rsa-sha2-256", c_enc: "chacha20-poly1305@openssh.com,aes128-ctr", s_enc: "chacha20-poly1305@openssh.com,aes128-ctr", c_mac: "hmac-sha2-256,hmac-sha2-512,hmac-sha1", s_mac: "hmac-sha2-256,hmac-sha2-512,hmac-sha1", c_compress: "none", s_compress: "none"]
2022-12-10 12:38:10.277+08 0ms INFO tokio-runtime-worker@C:\Users\Seed6\.cargo\registry\src\rsproxy.cn-8f6827c7555bfaf8\ssh-rs-0.3.1\src\config\algorithm.rs:200 matched algorithms [kex: "curve25519-sha256", pubkey: "rsa-sha2-512", c_enc: "chacha20-poly1305@openssh.com", s_enc: "chacha20-poly1305@openssh.com", c_mac: "hmac-sha2-256", s_mac: "hmac-sha2-256", c_compress: "none", s_compress: "none"]
2022-12-10 12:38:10.291+08 0ms INFO tokio-runtime-worker@C:\Users\Seed6\.cargo\registry\src\rsproxy.cn-8f6827c7555bfaf8\ssh-rs-0.3.1\src\client\client_kex.rs:125 signature verification success.
2022-12-10 12:38:10.291+08 0ms INFO tokio-runtime-worker@C:\Users\Seed6\.cargo\registry\src\rsproxy.cn-8f6827c7555bfaf8\ssh-rs-0.3.1\src\client\client_kex.rs:165 send new keys
2022-12-10 12:38:10.291+08 0ms INFO tokio-runtime-worker@C:\Users\Seed6\.cargo\registry\src\rsproxy.cn-8f6827c7555bfaf8\ssh-rs-0.3.1\src\client\client_kex.rs:84 key negotiation successful.
2022-12-10 12:38:10.291+08 0ms INFO tokio-runtime-worker@C:\Users\Seed6\.cargo\registry\src\rsproxy.cn-8f6827c7555bfaf8\ssh-rs-0.3.1\src\client\client_auth.rs:17 Auth start
2022-12-10 12:38:10.292+08 0ms INFO tokio-runtime-worker@C:\Users\Seed6\.cargo\registry\src\rsproxy.cn-8f6827c7555bfaf8\ssh-rs-0.3.1\src\client\client_auth.rs:76 password authentication.
2022-12-10 12:38:10.334+08 0ms INFO tokio-runtime-worker@C:\Users\Seed6\.cargo\registry\src\rsproxy.cn-8f6827c7555bfaf8\ssh-rs-0.3.1\src\client\client_auth.rs:59 user auth successful.
2022-12-10 12:38:10.334+08 0ms INFO tokio-runtime-worker@C:\Users\Seed6\.cargo\registry\src\rsproxy.cn-8f6827c7555bfaf8\ssh-rs-0.3.1\src\session\session_local.rs:73 channel opened.
2022-12-10 12:38:10.497+08 0ms INFO tokio-runtime-worker@C:\Users\Seed6\.cargo\registry\src\rsproxy.cn-8f6827c7555bfaf8\ssh-rs-0.3.1\src\channel\local\channel.rs:57 exec opened.
2022-12-10 12:38:10.975+08 0ms INFO tokio-runtime-worker@C:\Users\Seed6\.cargo\registry\src\rsproxy.cn-8f6827c7555bfaf8\ssh-rs-0.3.1\src\session\session_local.rs:39 Client close
2022-12-10 12:38:10.975+08 0ms INFO tokio-runtime-worker@src\beginning.rs:54 slave1-->192.168.242.129:22Node_Build<+OK+>
2022-12-10 12:38:10.975+08 0ms ERROR tokio-runtime-worker@C:\Users\Seed6\.cargo\registry\src\rsproxy.cn-8f6827c7555bfaf8\ssh-rs-0.3.1\src\session\mod.rs:180 Parse private key from file: Error: { Kind(SshError("系統找不到指定的路徑。 (os error 3)")) }, will fallback to password authentication
2022-12-10 12:38:10.976+08 0ms INFO tokio-runtime-worker@C:\Users\Seed6\.cargo\registry\src\rsproxy.cn-8f6827c7555bfaf8\ssh-rs-0.3.1\src\session\mod.rs:50 start for version negotiation.
2022-12-10 12:38:10.983+08 0ms INFO tokio-runtime-worker@C:\Users\Seed6\.cargo\registry\src\rsproxy.cn-8f6827c7555bfaf8\ssh-rs-0.3.1\src\config\version.rs:59 server version: [SSH-2.0-OpenSSH_9.0p1 Debian-1+b1]
2022-12-10 12:38:10.983+08 0ms INFO tokio-runtime-worker@C:\Users\Seed6\.cargo\registry\src\rsproxy.cn-8f6827c7555bfaf8\ssh-rs-0.3.1\src\config\version.rs:85 version negotiation was successful.
2022-12-10 12:38:10.983+08 0ms INFO tokio-runtime-worker@C:\Users\Seed6\.cargo\registry\src\rsproxy.cn-8f6827c7555bfaf8\ssh-rs-0.3.1\src\config\version.rs:77 client version: [SSH-2.0-SSH_RS-0.3.1]
2022-12-10 12:38:10.985+08 0ms INFO tokio-runtime-worker@C:\Users\Seed6\.cargo\registry\src\rsproxy.cn-8f6827c7555bfaf8\ssh-rs-0.3.1\src\config\algorithm.rs:135 server key exchange: ["sntrup761x25519-sha512@openssh.com", "curve25519-sha256", "curve25519-sha256@libssh.org", "ecdh-sha2-nistp256", "ecdh-sha2-nistp384", "ecdh-sha2-nistp521", "diffie-hellman-group-exchange-sha256", "diffie-hellman-group16-sha512", "diffie-hellman-group18-sha512", "diffie-hellman-group14-sha256"]
2022-12-10 12:38:10.985+08 0ms INFO tokio-runtime-worker@C:\Users\Seed6\.cargo\registry\src\rsproxy.cn-8f6827c7555bfaf8\ssh-rs-0.3.1\src\config\algorithm.rs:136 server public key: ["rsa-sha2-512", "rsa-sha2-256", "ecdsa-sha2-nistp256", "ssh-ed25519"]
2022-12-10 12:38:10.985+08 0ms INFO tokio-runtime-worker@C:\Users\Seed6\.cargo\registry\src\rsproxy.cn-8f6827c7555bfaf8\ssh-rs-0.3.1\src\config\algorithm.rs:137 server c2s encryption: ["chacha20-poly1305@openssh.com", "aes128-ctr", "aes192-ctr", "aes256-ctr", "aes128-gcm@openssh.com", "aes256-gcm@openssh.com"]
2022-12-10 12:38:10.985+08 0ms INFO tokio-runtime-worker@C:\Users\Seed6\.cargo\registry\src\rsproxy.cn-8f6827c7555bfaf8\ssh-rs-0.3.1\src\config\algorithm.rs:138 server s2c encryption: ["chacha20-poly1305@openssh.com", "aes128-ctr", "aes192-ctr", "aes256-ctr", "aes128-gcm@openssh.com", "aes256-gcm@openssh.com"]
2022-12-10 12:38:10.985+08 0ms INFO tokio-runtime-worker@C:\Users\Seed6\.cargo\registry\src\rsproxy.cn-8f6827c7555bfaf8\ssh-rs-0.3.1\src\config\algorithm.rs:139 server c2s mac: ["umac-64-etm@openssh.com", "umac-128-etm@openssh.com", "hmac-sha2-256-etm@openssh.com", "hmac-sha2-512-etm@openssh.com", "hmac-sha1-etm@openssh.com", "umac-64@openssh.com", "umac-128@openssh.com", "hmac-sha2-256", "hmac-sha2-512", "hmac-sha1"]
2022-12-10 12:38:10.985+08 0ms INFO tokio-runtime-worker@C:\Users\Seed6\.cargo\registry\src\rsproxy.cn-8f6827c7555bfaf8\ssh-rs-0.3.1\src\config\algorithm.rs:140 server s2c mac: ["umac-64-etm@openssh.com", "umac-128-etm@openssh.com", "hmac-sha2-256-etm@openssh.com", "hmac-sha2-512-etm@openssh.com", "hmac-sha1-etm@openssh.com", "umac-64@openssh.com", "umac-128@openssh.com", "hmac-sha2-256", "hmac-sha2-512", "hmac-sha1"]
2022-12-10 12:38:10.985+08 0ms INFO tokio-runtime-worker@C:\Users\Seed6\.cargo\registry\src\rsproxy.cn-8f6827c7555bfaf8\ssh-rs-0.3.1\src\config\algorithm.rs:141 server c2s compression: ["none", "zlib@openssh.com"]
2022-12-10 12:38:10.985+08 0ms INFO tokio-runtime-worker@C:\Users\Seed6\.cargo\registry\src\rsproxy.cn-8f6827c7555bfaf8\ssh-rs-0.3.1\src\config\algorithm.rs:142 server s2c compression: ["none", "zlib@openssh.com"]
2022-12-10 12:38:10.985+08 0ms INFO tokio-runtime-worker@C:\Users\Seed6\.cargo\registry\src\rsproxy.cn-8f6827c7555bfaf8\ssh-rs-0.3.1\src\client\client_kex.rs:34 start for key negotiation.
2022-12-10 12:38:10.985+08 0ms INFO tokio-runtime-worker@C:\Users\Seed6\.cargo\registry\src\rsproxy.cn-8f6827c7555bfaf8\ssh-rs-0.3.1\src\client\client_kex.rs:35 send client algorithm list.
2022-12-10 12:38:10.985+08 0ms INFO tokio-runtime-worker@C:\Users\Seed6\.cargo\registry\src\rsproxy.cn-8f6827c7555bfaf8\ssh-rs-0.3.1\src\config\algorithm.rs:221 client algorithms: [kex: "curve25519-sha256,ecdh-sha2-nistp256,diffie-hellman-group14-sha256,diffie-hellman-group14-sha1", pubkey: "rsa-sha2-512,rsa-sha2-256", c_enc: "chacha20-poly1305@openssh.com,aes128-ctr", s_enc: "chacha20-poly1305@openssh.com,aes128-ctr", c_mac: "hmac-sha2-256,hmac-sha2-512,hmac-sha1", s_mac: "hmac-sha2-256,hmac-sha2-512,hmac-sha1", c_compress: "none", s_compress: "none"]
2022-12-10 12:38:10.985+08 0ms INFO tokio-runtime-worker@C:\Users\Seed6\.cargo\registry\src\rsproxy.cn-8f6827c7555bfaf8\ssh-rs-0.3.1\src\config\algorithm.rs:200 matched algorithms [kex: "curve25519-sha256", pubkey: "rsa-sha2-512", c_enc: "chacha20-poly1305@openssh.com", s_enc: "chacha20-poly1305@openssh.com", c_mac: "hmac-sha2-256", s_mac: "hmac-sha2-256", c_compress: "none", s_compress: "none"]
2022-12-10 12:38:10.998+08 0ms INFO tokio-runtime-worker@C:\Users\Seed6\.cargo\registry\src\rsproxy.cn-8f6827c7555bfaf8\ssh-rs-0.3.1\src\client\client_kex.rs:125 signature verification success.
2022-12-10 12:38:10.998+08 0ms INFO tokio-runtime-worker@C:\Users\Seed6\.cargo\registry\src\rsproxy.cn-8f6827c7555bfaf8\ssh-rs-0.3.1\src\client\client_kex.rs:165 send new keys
2022-12-10 12:38:10.998+08 0ms INFO tokio-runtime-worker@C:\Users\Seed6\.cargo\registry\src\rsproxy.cn-8f6827c7555bfaf8\ssh-rs-0.3.1\src\client\client_kex.rs:84 key negotiation successful.
2022-12-10 12:38:10.998+08 0ms INFO tokio-runtime-worker@C:\Users\Seed6\.cargo\registry\src\rsproxy.cn-8f6827c7555bfaf8\ssh-rs-0.3.1\src\client\client_auth.rs:17 Auth start
2022-12-10 12:38:10.998+08 0ms INFO tokio-runtime-worker@C:\Users\Seed6\.cargo\registry\src\rsproxy.cn-8f6827c7555bfaf8\ssh-rs-0.3.1\src\client\client_auth.rs:76 password authentication.
2022-12-10 12:38:11.074+08 0ms INFO tokio-runtime-worker@C:\Users\Seed6\.cargo\registry\src\rsproxy.cn-8f6827c7555bfaf8\ssh-rs-0.3.1\src\client\client_auth.rs:59 user auth successful.
2022-12-10 12:38:11.074+08 0ms INFO tokio-runtime-worker@C:\Users\Seed6\.cargo\registry\src\rsproxy.cn-8f6827c7555bfaf8\ssh-rs-0.3.1\src\session\session_local.rs:73 channel opened.
2022-12-10 12:38:11.278+08 0ms INFO tokio-runtime-worker@C:\Users\Seed6\.cargo\registry\src\rsproxy.cn-8f6827c7555bfaf8\ssh-rs-0.3.1\src\channel\local\channel.rs:57 exec opened.
2022-12-10 12:38:11.282+08 0ms INFO tokio-runtime-worker@C:\Users\Seed6\.cargo\registry\src\rsproxy.cn-8f6827c7555bfaf8\ssh-rs-0.3.1\src\session\session_local.rs:39 Client close
2022-12-10 12:38:11.282+08 0ms INFO tokio-runtime-worker@src\beginning.rs:54 slave2-->192.168.242.130:22Node_Build<+OK+>
2022-12-10 12:40:07.688+08 0ms ERROR tokio-runtime-worker@C:\Users\Seed6\.cargo\registry\src\rsproxy.cn-8f6827c7555bfaf8\ssh-rs-0.3.1\src\session\mod.rs:180 Parse private key from file: Error: { Kind(SshError("系統找不到指定的路徑。 (os error 3)")) }, will fallback to password authentication
2022-12-10 12:40:07.690+08 0ms INFO tokio-runtime-worker@C:\Users\Seed6\.cargo\registry\src\rsproxy.cn-8f6827c7555bfaf8\ssh-rs-0.3.1\src\session\mod.rs:50 start for version negotiation.
2022-12-10 12:40:07.698+08 0ms INFO tokio-runtime-worker@C:\Users\Seed6\.cargo\registry\src\rsproxy.cn-8f6827c7555bfaf8\ssh-rs-0.3.1\src\config\version.rs:59 server version: [SSH-2.0-OpenSSH_9.0p1 Debian-1+b1]
2022-12-10 12:40:07.698+08 0ms INFO tokio-runtime-worker@C:\Users\Seed6\.cargo\registry\src\rsproxy.cn-8f6827c7555bfaf8\ssh-rs-0.3.1\src\config\version.rs:85 version negotiation was successful.
2022-12-10 12:40:07.698+08 0ms INFO tokio-runtime-worker@C:\Users\Seed6\.cargo\registry\src\rsproxy.cn-8f6827c7555bfaf8\ssh-rs-0.3.1\src\config\version.rs:77 client version: [SSH-2.0-SSH_RS-0.3.1]
2022-12-10 12:40:07.700+08 0ms INFO tokio-runtime-worker@C:\Users\Seed6\.cargo\registry\src\rsproxy.cn-8f6827c7555bfaf8\ssh-rs-0.3.1\src\config\algorithm.rs:135 server key exchange: ["sntrup761x25519-sha512@openssh.com", "curve25519-sha256", "curve25519-sha256@libssh.org", "ecdh-sha2-nistp256", "ecdh-sha2-nistp384", "ecdh-sha2-nistp521", "diffie-hellman-group-exchange-sha256", "diffie-hellman-group16-sha512", "diffie-hellman-group18-sha512", "diffie-hellman-group14-sha256"]
2022-12-10 12:40:07.700+08 0ms INFO tokio-runtime-worker@C:\Users\Seed6\.cargo\registry\src\rsproxy.cn-8f6827c7555bfaf8\ssh-rs-0.3.1\src\config\algorithm.rs:136 server public key: ["rsa-sha2-512", "rsa-sha2-256", "ecdsa-sha2-nistp256", "ssh-ed25519"]
2022-12-10 12:40:07.700+08 0ms INFO tokio-runtime-worker@C:\Users\Seed6\.cargo\registry\src\rsproxy.cn-8f6827c7555bfaf8\ssh-rs-0.3.1\src\config\algorithm.rs:137 server c2s encryption: ["chacha20-poly1305@openssh.com", "aes128-ctr", "aes192-ctr", "aes256-ctr", "aes128-gcm@openssh.com", "aes256-gcm@openssh.com"]
2022-12-10 12:40:07.700+08 0ms INFO tokio-runtime-worker@C:\Users\Seed6\.cargo\registry\src\rsproxy.cn-8f6827c7555bfaf8\ssh-rs-0.3.1\src\config\algorithm.rs:138 server s2c encryption: ["chacha20-poly1305@openssh.com", "aes128-ctr", "aes192-ctr", "aes256-ctr", "aes128-gcm@openssh.com", "aes256-gcm@openssh.com"]
2022-12-10 12:40:07.700+08 0ms INFO tokio-runtime-worker@C:\Users\Seed6\.cargo\registry\src\rsproxy.cn-8f6827c7555bfaf8\ssh-rs-0.3.1\src\config\algorithm.rs:139 server c2s mac: ["umac-64-etm@openssh.com", "umac-128-etm@openssh.com", "hmac-sha2-256-etm@openssh.com", "hmac-sha2-512-etm@openssh.com", "hmac-sha1-etm@openssh.com", "umac-64@openssh.com", "umac-128@openssh.com", "hmac-sha2-256", "hmac-sha2-512", "hmac-sha1"]
2022-12-10 12:40:07.700+08 0ms INFO tokio-runtime-worker@C:\Users\Seed6\.cargo\registry\src\rsproxy.cn-8f6827c7555bfaf8\ssh-rs-0.3.1\src\config\algorithm.rs:140 server s2c mac: ["umac-64-etm@openssh.com", "umac-128-etm@openssh.com", "hmac-sha2-256-etm@openssh.com", "hmac-sha2-512-etm@openssh.com", "hmac-sha1-etm@openssh.com", "umac-64@openssh.com", "umac-128@openssh.com", "hmac-sha2-256", "hmac-sha2-512", "hmac-sha1"]
2022-12-10 12:40:07.700+08 0ms INFO tokio-runtime-worker@C:\Users\Seed6\.cargo\registry\src\rsproxy.cn-8f6827c7555bfaf8\ssh-rs-0.3.1\src\config\algorithm.rs:141 server c2s compression: ["none", "zlib@openssh.com"]
2022-12-10 12:40:07.700+08 0ms INFO tokio-runtime-worker@C:\Users\Seed6\.cargo\registry\src\rsproxy.cn-8f6827c7555bfaf8\ssh-rs-0.3.1\src\config\algorithm.rs:142 server s2c compression: ["none", "zlib@openssh.com"]
2022-12-10 12:40:07.700+08 0ms INFO tokio-runtime-worker@C:\Users\Seed6\.cargo\registry\src\rsproxy.cn-8f6827c7555bfaf8\ssh-rs-0.3.1\src\client\client_kex.rs:34 start for key negotiation.
2022-12-10 12:40:07.700+08 0ms INFO tokio-runtime-worker@C:\Users\Seed6\.cargo\registry\src\rsproxy.cn-8f6827c7555bfaf8\ssh-rs-0.3.1\src\client\client_kex.rs:35 send client algorithm list.
2022-12-10 12:40:07.700+08 0ms INFO tokio-runtime-worker@C:\Users\Seed6\.cargo\registry\src\rsproxy.cn-8f6827c7555bfaf8\ssh-rs-0.3.1\src\config\algorithm.rs:221 client algorithms: [kex: "curve25519-sha256,ecdh-sha2-nistp256,diffie-hellman-group14-sha256,diffie-hellman-group14-sha1", pubkey: "rsa-sha2-512,rsa-sha2-256", c_enc: "chacha20-poly1305@openssh.com,aes128-ctr", s_enc: "chacha20-poly1305@openssh.com,aes128-ctr", c_mac: "hmac-sha2-256,hmac-sha2-512,hmac-sha1", s_mac: "hmac-sha2-256,hmac-sha2-512,hmac-sha1", c_compress: "none", s_compress: "none"]
2022-12-10 12:40:07.700+08 0ms INFO tokio-runtime-worker@C:\Users\Seed6\.cargo\registry\src\rsproxy.cn-8f6827c7555bfaf8\ssh-rs-0.3.1\src\config\algorithm.rs:200 matched algorithms [kex: "curve25519-sha256", pubkey: "rsa-sha2-512", c_enc: "chacha20-poly1305@openssh.com", s_enc: "chacha20-poly1305@openssh.com", c_mac: "hmac-sha2-256", s_mac: "hmac-sha2-256", c_compress: "none", s_compress: "none"]
2022-12-10 12:40:07.713+08 0ms INFO tokio-runtime-worker@C:\Users\Seed6\.cargo\registry\src\rsproxy.cn-8f6827c7555bfaf8\ssh-rs-0.3.1\src\client\client_kex.rs:125 signature verification success.
2022-12-10 12:40:07.713+08 0ms INFO tokio-runtime-worker@C:\Users\Seed6\.cargo\registry\src\rsproxy.cn-8f6827c7555bfaf8\ssh-rs-0.3.1\src\client\client_kex.rs:165 send new keys
2022-12-10 12:40:07.713+08 0ms INFO tokio-runtime-worker@C:\Users\Seed6\.cargo\registry\src\rsproxy.cn-8f6827c7555bfaf8\ssh-rs-0.3.1\src\client\client_kex.rs:84 key negotiation successful.
2022-12-10 12:40:07.713+08 0ms INFO tokio-runtime-worker@C:\Users\Seed6\.cargo\registry\src\rsproxy.cn-8f6827c7555bfaf8\ssh-rs-0.3.1\src\client\client_auth.rs:17 Auth start
2022-12-10 12:40:07.714+08 0ms INFO tokio-runtime-worker@C:\Users\Seed6\.cargo\registry\src\rsproxy.cn-8f6827c7555bfaf8\ssh-rs-0.3.1\src\client\client_auth.rs:76 password authentication.
2022-12-10 12:40:07.769+08 0ms INFO tokio-runtime-worker@C:\Users\Seed6\.cargo\registry\src\rsproxy.cn-8f6827c7555bfaf8\ssh-rs-0.3.1\src\client\client_auth.rs:59 user auth successful.
2022-12-10 12:40:07.769+08 0ms INFO tokio-runtime-worker@C:\Users\Seed6\.cargo\registry\src\rsproxy.cn-8f6827c7555bfaf8\ssh-rs-0.3.1\src\session\session_local.rs:73 channel opened.
2022-12-10 12:40:07.943+08 0ms INFO tokio-runtime-worker@C:\Users\Seed6\.cargo\registry\src\rsproxy.cn-8f6827c7555bfaf8\ssh-rs-0.3.1\src\channel\local\channel.rs:57 exec opened.
2022-12-10 12:40:07.947+08 0ms INFO tokio-runtime-worker@C:\Users\Seed6\.cargo\registry\src\rsproxy.cn-8f6827c7555bfaf8\ssh-rs-0.3.1\src\session\session_local.rs:39 Client close
2022-12-10 12:40:07.947+08 0ms INFO tokio-runtime-worker@src\beginning.rs:54 slave1-->192.168.242.129:22Node_Build<+OK+>
2022-12-10 12:40:07.947+08 0ms ERROR tokio-runtime-worker@C:\Users\Seed6\.cargo\registry\src\rsproxy.cn-8f6827c7555bfaf8\ssh-rs-0.3.1\src\session\mod.rs:180 Parse private key from file: Error: { Kind(SshError("系統找不到指定的路徑。 (os error 3)")) }, will fallback to password authentication
2022-12-10 12:40:07.948+08 0ms INFO tokio-runtime-worker@C:\Users\Seed6\.cargo\registry\src\rsproxy.cn-8f6827c7555bfaf8\ssh-rs-0.3.1\src\session\mod.rs:50 start for version negotiation.
2022-12-10 12:40:07.955+08 0ms INFO tokio-runtime-worker@C:\Users\Seed6\.cargo\registry\src\rsproxy.cn-8f6827c7555bfaf8\ssh-rs-0.3.1\src\config\version.rs:59 server version: [SSH-2.0-OpenSSH_9.0p1 Debian-1+b1]
2022-12-10 12:40:07.955+08 0ms INFO tokio-runtime-worker@C:\Users\Seed6\.cargo\registry\src\rsproxy.cn-8f6827c7555bfaf8\ssh-rs-0.3.1\src\config\version.rs:85 version negotiation was successful.
2022-12-10 12:40:07.955+08 0ms INFO tokio-runtime-worker@C:\Users\Seed6\.cargo\registry\src\rsproxy.cn-8f6827c7555bfaf8\ssh-rs-0.3.1\src\config\version.rs:77 client version: [SSH-2.0-SSH_RS-0.3.1]
2022-12-10 12:40:07.957+08 0ms INFO tokio-runtime-worker@C:\Users\Seed6\.cargo\registry\src\rsproxy.cn-8f6827c7555bfaf8\ssh-rs-0.3.1\src\config\algorithm.rs:135 server key exchange: ["sntrup761x25519-sha512@openssh.com", "curve25519-sha256", "curve25519-sha256@libssh.org", "ecdh-sha2-nistp256", "ecdh-sha2-nistp384", "ecdh-sha2-nistp521", "diffie-hellman-group-exchange-sha256", "diffie-hellman-group16-sha512", "diffie-hellman-group18-sha512", "diffie-hellman-group14-sha256"]
2022-12-10 12:40:07.957+08 0ms INFO tokio-runtime-worker@C:\Users\Seed6\.cargo\registry\src\rsproxy.cn-8f6827c7555bfaf8\ssh-rs-0.3.1\src\config\algorithm.rs:136 server public key: ["rsa-sha2-512", "rsa-sha2-256", "ecdsa-sha2-nistp256", "ssh-ed25519"]
2022-12-10 12:40:07.957+08 0ms INFO tokio-runtime-worker@C:\Users\Seed6\.cargo\registry\src\rsproxy.cn-8f6827c7555bfaf8\ssh-rs-0.3.1\src\config\algorithm.rs:137 server c2s encryption: ["chacha20-poly1305@openssh.com", "aes128-ctr", "aes192-ctr", "aes256-ctr", "aes128-gcm@openssh.com", "aes256-gcm@openssh.com"]
2022-12-10 12:40:07.957+08 0ms INFO tokio-runtime-worker@C:\Users\Seed6\.cargo\registry\src\rsproxy.cn-8f6827c7555bfaf8\ssh-rs-0.3.1\src\config\algorithm.rs:138 server s2c encryption: ["chacha20-poly1305@openssh.com", "aes128-ctr", "aes192-ctr", "aes256-ctr", "aes128-gcm@openssh.com", "aes256-gcm@openssh.com"]
2022-12-10 12:40:07.957+08 0ms INFO tokio-runtime-worker@C:\Users\Seed6\.cargo\registry\src\rsproxy.cn-8f6827c7555bfaf8\ssh-rs-0.3.1\src\config\algorithm.rs:139 server c2s mac: ["umac-64-etm@openssh.com", "umac-128-etm@openssh.com", "hmac-sha2-256-etm@openssh.com", "hmac-sha2-512-etm@openssh.com", "hmac-sha1-etm@openssh.com", "umac-64@openssh.com", "umac-128@openssh.com", "hmac-sha2-256", "hmac-sha2-512", "hmac-sha1"]
2022-12-10 12:40:07.957+08 0ms INFO tokio-runtime-worker@C:\Users\Seed6\.cargo\registry\src\rsproxy.cn-8f6827c7555bfaf8\ssh-rs-0.3.1\src\config\algorithm.rs:140 server s2c mac: ["umac-64-etm@openssh.com", "umac-128-etm@openssh.com", "hmac-sha2-256-etm@openssh.com", "hmac-sha2-512-etm@openssh.com", "hmac-sha1-etm@openssh.com", "umac-64@openssh.com", "umac-128@openssh.com", "hmac-sha2-256", "hmac-sha2-512", "hmac-sha1"]
2022-12-10 12:40:07.957+08 0ms INFO tokio-runtime-worker@C:\Users\Seed6\.cargo\registry\src\rsproxy.cn-8f6827c7555bfaf8\ssh-rs-0.3.1\src\config\algorithm.rs:141 server c2s compression: ["none", "zlib@openssh.com"]
2022-12-10 12:40:07.957+08 0ms INFO tokio-runtime-worker@C:\Users\Seed6\.cargo\registry\src\rsproxy.cn-8f6827c7555bfaf8\ssh-rs-0.3.1\src\config\algorithm.rs:142 server s2c compression: ["none", "zlib@openssh.com"]
2022-12-10 12:40:07.957+08 0ms INFO tokio-runtime-worker@C:\Users\Seed6\.cargo\registry\src\rsproxy.cn-8f6827c7555bfaf8\ssh-rs-0.3.1\src\client\client_kex.rs:34 start for key negotiation.
2022-12-10 12:40:07.957+08 0ms INFO tokio-runtime-worker@C:\Users\Seed6\.cargo\registry\src\rsproxy.cn-8f6827c7555bfaf8\ssh-rs-0.3.1\src\client\client_kex.rs:35 send client algorithm list.
2022-12-10 12:40:07.957+08 0ms INFO tokio-runtime-worker@C:\Users\Seed6\.cargo\registry\src\rsproxy.cn-8f6827c7555bfaf8\ssh-rs-0.3.1\src\config\algorithm.rs:221 client algorithms: [kex: "curve25519-sha256,ecdh-sha2-nistp256,diffie-hellman-group14-sha256,diffie-hellman-group14-sha1", pubkey: "rsa-sha2-512,rsa-sha2-256", c_enc: "chacha20-poly1305@openssh.com,aes128-ctr", s_enc: "chacha20-poly1305@openssh.com,aes128-ctr", c_mac: "hmac-sha2-256,hmac-sha2-512,hmac-sha1", s_mac: "hmac-sha2-256,hmac-sha2-512,hmac-sha1", c_compress: "none", s_compress: "none"]
2022-12-10 12:40:07.957+08 0ms INFO tokio-runtime-worker@C:\Users\Seed6\.cargo\registry\src\rsproxy.cn-8f6827c7555bfaf8\ssh-rs-0.3.1\src\config\algorithm.rs:200 matched algorithms [kex: "curve25519-sha256", pubkey: "rsa-sha2-512", c_enc: "chacha20-poly1305@openssh.com", s_enc: "chacha20-poly1305@openssh.com", c_mac: "hmac-sha2-256", s_mac: "hmac-sha2-256", c_compress: "none", s_compress: "none"]
2022-12-10 12:40:07.970+08 0ms INFO tokio-runtime-worker@C:\Users\Seed6\.cargo\registry\src\rsproxy.cn-8f6827c7555bfaf8\ssh-rs-0.3.1\src\client\client_kex.rs:125 signature verification success.
2022-12-10 12:40:07.970+08 0ms INFO tokio-runtime-worker@C:\Users\Seed6\.cargo\registry\src\rsproxy.cn-8f6827c7555bfaf8\ssh-rs-0.3.1\src\client\client_kex.rs:165 send new keys
2022-12-10 12:40:07.970+08 0ms INFO tokio-runtime-worker@C:\Users\Seed6\.cargo\registry\src\rsproxy.cn-8f6827c7555bfaf8\ssh-rs-0.3.1\src\client\client_kex.rs:84 key negotiation successful.
2022-12-10 12:40:07.970+08 0ms INFO tokio-runtime-worker@C:\Users\Seed6\.cargo\registry\src\rsproxy.cn-8f6827c7555bfaf8\ssh-rs-0.3.1\src\client\client_auth.rs:17 Auth start
2022-12-10 12:40:07.971+08 0ms INFO tokio-runtime-worker@C:\Users\Seed6\.cargo\registry\src\rsproxy.cn-8f6827c7555bfaf8\ssh-rs-0.3.1\src\client\client_auth.rs:76 password authentication.
2022-12-10 12:40:08.040+08 0ms INFO tokio-runtime-worker@C:\Users\Seed6\.cargo\registry\src\rsproxy.cn-8f6827c7555bfaf8\ssh-rs-0.3.1\src\client\client_auth.rs:59 user auth successful.
2022-12-10 12:40:08.040+08 0ms INFO tokio-runtime-worker@C:\Users\Seed6\.cargo\registry\src\rsproxy.cn-8f6827c7555bfaf8\ssh-rs-0.3.1\src\session\session_local.rs:73 channel opened.
2022-12-10 12:40:08.258+08 0ms INFO tokio-runtime-worker@C:\Users\Seed6\.cargo\registry\src\rsproxy.cn-8f6827c7555bfaf8\ssh-rs-0.3.1\src\channel\local\channel.rs:57 exec opened.
2022-12-10 12:40:08.263+08 0ms INFO tokio-runtime-worker@C:\Users\Seed6\.cargo\registry\src\rsproxy.cn-8f6827c7555bfaf8\ssh-rs-0.3.1\src\session\session_local.rs:39 Client close
2022-12-10 12:40:08.263+08 0ms INFO tokio-runtime-worker@src\beginning.rs:54 slave2-->192.168.242.130:22Node_Build<+OK+>
