2022-12-08 19:30:15.528+08 0ms ERROR tokio-runtime-worker@C:\Users\Seed6\.cargo\registry\src\rsproxy.cn-8f6827c7555bfaf8\ssh-rs-0.3.1\src\session\mod.rs:180 Parse private key from file: Error: { Kind(SshError("系統找不到指定的路徑。 (os error 3)")) }, will fallback to password authentication
2022-12-08 19:30:15.531+08 0ms INFO tokio-runtime-worker@C:\Users\Seed6\.cargo\registry\src\rsproxy.cn-8f6827c7555bfaf8\ssh-rs-0.3.1\src\session\mod.rs:50 start for version negotiation.
2022-12-08 19:30:15.557+08 0ms INFO tokio-runtime-worker@C:\Users\Seed6\.cargo\registry\src\rsproxy.cn-8f6827c7555bfaf8\ssh-rs-0.3.1\src\config\version.rs:59 server version: [SSH-2.0-OpenSSH_9.0p1 Debian-1+b1]
2022-12-08 19:30:15.557+08 0ms INFO tokio-runtime-worker@C:\Users\Seed6\.cargo\registry\src\rsproxy.cn-8f6827c7555bfaf8\ssh-rs-0.3.1\src\config\version.rs:85 version negotiation was successful.
2022-12-08 19:30:15.557+08 0ms INFO tokio-runtime-worker@C:\Users\Seed6\.cargo\registry\src\rsproxy.cn-8f6827c7555bfaf8\ssh-rs-0.3.1\src\config\version.rs:77 client version: [SSH-2.0-SSH_RS-0.3.1]
2022-12-08 19:30:15.562+08 0ms INFO tokio-runtime-worker@C:\Users\Seed6\.cargo\registry\src\rsproxy.cn-8f6827c7555bfaf8\ssh-rs-0.3.1\src\config\algorithm.rs:135 server key exchange: ["sntrup761x25519-sha512@openssh.com", "curve25519-sha256", "curve25519-sha256@libssh.org", "ecdh-sha2-nistp256", "ecdh-sha2-nistp384", "ecdh-sha2-nistp521", "diffie-hellman-group-exchange-sha256", "diffie-hellman-group16-sha512", "diffie-hellman-group18-sha512", "diffie-hellman-group14-sha256"]
2022-12-08 19:30:15.562+08 0ms INFO tokio-runtime-worker@C:\Users\Seed6\.cargo\registry\src\rsproxy.cn-8f6827c7555bfaf8\ssh-rs-0.3.1\src\config\algorithm.rs:136 server public key: ["rsa-sha2-512", "rsa-sha2-256", "ecdsa-sha2-nistp256", "ssh-ed25519"]
2022-12-08 19:30:15.562+08 0ms INFO tokio-runtime-worker@C:\Users\Seed6\.cargo\registry\src\rsproxy.cn-8f6827c7555bfaf8\ssh-rs-0.3.1\src\config\algorithm.rs:137 server c2s encryption: ["chacha20-poly1305@openssh.com", "aes128-ctr", "aes192-ctr", "aes256-ctr", "aes128-gcm@openssh.com", "aes256-gcm@openssh.com"]
2022-12-08 19:30:15.562+08 0ms INFO tokio-runtime-worker@C:\Users\Seed6\.cargo\registry\src\rsproxy.cn-8f6827c7555bfaf8\ssh-rs-0.3.1\src\config\algorithm.rs:138 server s2c encryption: ["chacha20-poly1305@openssh.com", "aes128-ctr", "aes192-ctr", "aes256-ctr", "aes128-gcm@openssh.com", "aes256-gcm@openssh.com"]
2022-12-08 19:30:15.562+08 0ms INFO tokio-runtime-worker@C:\Users\Seed6\.cargo\registry\src\rsproxy.cn-8f6827c7555bfaf8\ssh-rs-0.3.1\src\config\algorithm.rs:139 server c2s mac: ["umac-64-etm@openssh.com", "umac-128-etm@openssh.com", "hmac-sha2-256-etm@openssh.com", "hmac-sha2-512-etm@openssh.com", "hmac-sha1-etm@openssh.com", "umac-64@openssh.com", "umac-128@openssh.com", "hmac-sha2-256", "hmac-sha2-512", "hmac-sha1"]
2022-12-08 19:30:15.562+08 0ms INFO tokio-runtime-worker@C:\Users\Seed6\.cargo\registry\src\rsproxy.cn-8f6827c7555bfaf8\ssh-rs-0.3.1\src\config\algorithm.rs:140 server s2c mac: ["umac-64-etm@openssh.com", "umac-128-etm@openssh.com", "hmac-sha2-256-etm@openssh.com", "hmac-sha2-512-etm@openssh.com", "hmac-sha1-etm@openssh.com", "umac-64@openssh.com", "umac-128@openssh.com", "hmac-sha2-256", "hmac-sha2-512", "hmac-sha1"]
2022-12-08 19:30:15.562+08 0ms INFO tokio-runtime-worker@C:\Users\Seed6\.cargo\registry\src\rsproxy.cn-8f6827c7555bfaf8\ssh-rs-0.3.1\src\config\algorithm.rs:141 server c2s compression: ["none", "zlib@openssh.com"]
2022-12-08 19:30:15.562+08 0ms INFO tokio-runtime-worker@C:\Users\Seed6\.cargo\registry\src\rsproxy.cn-8f6827c7555bfaf8\ssh-rs-0.3.1\src\config\algorithm.rs:142 server s2c compression: ["none", "zlib@openssh.com"]
2022-12-08 19:30:15.562+08 0ms INFO tokio-runtime-worker@C:\Users\Seed6\.cargo\registry\src\rsproxy.cn-8f6827c7555bfaf8\ssh-rs-0.3.1\src\client\client_kex.rs:34 start for key negotiation.
2022-12-08 19:30:15.562+08 0ms INFO tokio-runtime-worker@C:\Users\Seed6\.cargo\registry\src\rsproxy.cn-8f6827c7555bfaf8\ssh-rs-0.3.1\src\client\client_kex.rs:35 send client algorithm list.
2022-12-08 19:30:15.562+08 0ms INFO tokio-runtime-worker@C:\Users\Seed6\.cargo\registry\src\rsproxy.cn-8f6827c7555bfaf8\ssh-rs-0.3.1\src\config\algorithm.rs:221 client algorithms: [kex: "curve25519-sha256,ecdh-sha2-nistp256,diffie-hellman-group14-sha256,diffie-hellman-group14-sha1", pubkey: "rsa-sha2-512,rsa-sha2-256", c_enc: "chacha20-poly1305@openssh.com,aes128-ctr", s_enc: "chacha20-poly1305@openssh.com,aes128-ctr", c_mac: "hmac-sha2-256,hmac-sha2-512,hmac-sha1", s_mac: "hmac-sha2-256,hmac-sha2-512,hmac-sha1", c_compress: "none", s_compress: "none"]
2022-12-08 19:30:15.562+08 0ms INFO tokio-runtime-worker@C:\Users\Seed6\.cargo\registry\src\rsproxy.cn-8f6827c7555bfaf8\ssh-rs-0.3.1\src\config\algorithm.rs:200 matched algorithms [kex: "curve25519-sha256", pubkey: "rsa-sha2-512", c_enc: "chacha20-poly1305@openssh.com", s_enc: "chacha20-poly1305@openssh.com", c_mac: "hmac-sha2-256", s_mac: "hmac-sha2-256", c_compress: "none", s_compress: "none"]
2022-12-08 19:30:15.611+08 0ms INFO tokio-runtime-worker@C:\Users\Seed6\.cargo\registry\src\rsproxy.cn-8f6827c7555bfaf8\ssh-rs-0.3.1\src\client\client_kex.rs:125 signature verification success.
2022-12-08 19:30:15.611+08 0ms INFO tokio-runtime-worker@C:\Users\Seed6\.cargo\registry\src\rsproxy.cn-8f6827c7555bfaf8\ssh-rs-0.3.1\src\client\client_kex.rs:165 send new keys
2022-12-08 19:30:15.611+08 0ms INFO tokio-runtime-worker@C:\Users\Seed6\.cargo\registry\src\rsproxy.cn-8f6827c7555bfaf8\ssh-rs-0.3.1\src\client\client_kex.rs:84 key negotiation successful.
2022-12-08 19:30:15.611+08 0ms INFO tokio-runtime-worker@C:\Users\Seed6\.cargo\registry\src\rsproxy.cn-8f6827c7555bfaf8\ssh-rs-0.3.1\src\client\client_auth.rs:17 Auth start
2022-12-08 19:30:15.614+08 0ms INFO tokio-runtime-worker@C:\Users\Seed6\.cargo\registry\src\rsproxy.cn-8f6827c7555bfaf8\ssh-rs-0.3.1\src\client\client_auth.rs:76 password authentication.
2022-12-08 19:30:16.615+08 0ms ERROR tokio-runtime-worker@C:\Users\Seed6\.cargo\registry\src\rsproxy.cn-8f6827c7555bfaf8\ssh-rs-0.3.1\src\model\timeout.rs:22 time out.
2022-12-08 19:30:16.704+08 0ms ERROR tokio-runtime-worker@src\Gui_src\src\lib.rs:45 Error: { Kind(Timeout) }
2022-12-08 19:31:15.566+08 0ms ERROR tokio-runtime-worker@C:\Users\Seed6\.cargo\registry\src\rsproxy.cn-8f6827c7555bfaf8\ssh-rs-0.3.1\src\session\mod.rs:180 Parse private key from file: Error: { Kind(SshError("系統找不到指定的路徑。 (os error 3)")) }, will fallback to password authentication
2022-12-08 19:31:15.568+08 0ms INFO tokio-runtime-worker@C:\Users\Seed6\.cargo\registry\src\rsproxy.cn-8f6827c7555bfaf8\ssh-rs-0.3.1\src\session\mod.rs:50 start for version negotiation.
2022-12-08 19:31:15.591+08 0ms INFO tokio-runtime-worker@C:\Users\Seed6\.cargo\registry\src\rsproxy.cn-8f6827c7555bfaf8\ssh-rs-0.3.1\src\config\version.rs:59 server version: [SSH-2.0-OpenSSH_9.0p1 Debian-1+b1]
2022-12-08 19:31:15.591+08 0ms INFO tokio-runtime-worker@C:\Users\Seed6\.cargo\registry\src\rsproxy.cn-8f6827c7555bfaf8\ssh-rs-0.3.1\src\config\version.rs:85 version negotiation was successful.
2022-12-08 19:31:15.591+08 0ms INFO tokio-runtime-worker@C:\Users\Seed6\.cargo\registry\src\rsproxy.cn-8f6827c7555bfaf8\ssh-rs-0.3.1\src\config\version.rs:77 client version: [SSH-2.0-SSH_RS-0.3.1]
2022-12-08 19:31:15.598+08 0ms INFO tokio-runtime-worker@C:\Users\Seed6\.cargo\registry\src\rsproxy.cn-8f6827c7555bfaf8\ssh-rs-0.3.1\src\config\algorithm.rs:135 server key exchange: ["sntrup761x25519-sha512@openssh.com", "curve25519-sha256", "curve25519-sha256@libssh.org", "ecdh-sha2-nistp256", "ecdh-sha2-nistp384", "ecdh-sha2-nistp521", "diffie-hellman-group-exchange-sha256", "diffie-hellman-group16-sha512", "diffie-hellman-group18-sha512", "diffie-hellman-group14-sha256"]
2022-12-08 19:31:15.598+08 0ms INFO tokio-runtime-worker@C:\Users\Seed6\.cargo\registry\src\rsproxy.cn-8f6827c7555bfaf8\ssh-rs-0.3.1\src\config\algorithm.rs:136 server public key: ["rsa-sha2-512", "rsa-sha2-256", "ecdsa-sha2-nistp256", "ssh-ed25519"]
2022-12-08 19:31:15.598+08 0ms INFO tokio-runtime-worker@C:\Users\Seed6\.cargo\registry\src\rsproxy.cn-8f6827c7555bfaf8\ssh-rs-0.3.1\src\config\algorithm.rs:137 server c2s encryption: ["chacha20-poly1305@openssh.com", "aes128-ctr", "aes192-ctr", "aes256-ctr", "aes128-gcm@openssh.com", "aes256-gcm@openssh.com"]
2022-12-08 19:31:15.598+08 0ms INFO tokio-runtime-worker@C:\Users\Seed6\.cargo\registry\src\rsproxy.cn-8f6827c7555bfaf8\ssh-rs-0.3.1\src\config\algorithm.rs:138 server s2c encryption: ["chacha20-poly1305@openssh.com", "aes128-ctr", "aes192-ctr", "aes256-ctr", "aes128-gcm@openssh.com", "aes256-gcm@openssh.com"]
2022-12-08 19:31:15.598+08 0ms INFO tokio-runtime-worker@C:\Users\Seed6\.cargo\registry\src\rsproxy.cn-8f6827c7555bfaf8\ssh-rs-0.3.1\src\config\algorithm.rs:139 server c2s mac: ["umac-64-etm@openssh.com", "umac-128-etm@openssh.com", "hmac-sha2-256-etm@openssh.com", "hmac-sha2-512-etm@openssh.com", "hmac-sha1-etm@openssh.com", "umac-64@openssh.com", "umac-128@openssh.com", "hmac-sha2-256", "hmac-sha2-512", "hmac-sha1"]
2022-12-08 19:31:15.598+08 0ms INFO tokio-runtime-worker@C:\Users\Seed6\.cargo\registry\src\rsproxy.cn-8f6827c7555bfaf8\ssh-rs-0.3.1\src\config\algorithm.rs:140 server s2c mac: ["umac-64-etm@openssh.com", "umac-128-etm@openssh.com", "hmac-sha2-256-etm@openssh.com", "hmac-sha2-512-etm@openssh.com", "hmac-sha1-etm@openssh.com", "umac-64@openssh.com", "umac-128@openssh.com", "hmac-sha2-256", "hmac-sha2-512", "hmac-sha1"]
2022-12-08 19:31:15.598+08 0ms INFO tokio-runtime-worker@C:\Users\Seed6\.cargo\registry\src\rsproxy.cn-8f6827c7555bfaf8\ssh-rs-0.3.1\src\config\algorithm.rs:141 server c2s compression: ["none", "zlib@openssh.com"]
2022-12-08 19:31:15.598+08 0ms INFO tokio-runtime-worker@C:\Users\Seed6\.cargo\registry\src\rsproxy.cn-8f6827c7555bfaf8\ssh-rs-0.3.1\src\config\algorithm.rs:142 server s2c compression: ["none", "zlib@openssh.com"]
2022-12-08 19:31:15.598+08 0ms INFO tokio-runtime-worker@C:\Users\Seed6\.cargo\registry\src\rsproxy.cn-8f6827c7555bfaf8\ssh-rs-0.3.1\src\client\client_kex.rs:34 start for key negotiation.
2022-12-08 19:31:15.598+08 0ms INFO tokio-runtime-worker@C:\Users\Seed6\.cargo\registry\src\rsproxy.cn-8f6827c7555bfaf8\ssh-rs-0.3.1\src\client\client_kex.rs:35 send client algorithm list.
2022-12-08 19:31:15.598+08 0ms INFO tokio-runtime-worker@C:\Users\Seed6\.cargo\registry\src\rsproxy.cn-8f6827c7555bfaf8\ssh-rs-0.3.1\src\config\algorithm.rs:221 client algorithms: [kex: "curve25519-sha256,ecdh-sha2-nistp256,diffie-hellman-group14-sha256,diffie-hellman-group14-sha1", pubkey: "rsa-sha2-512,rsa-sha2-256", c_enc: "chacha20-poly1305@openssh.com,aes128-ctr", s_enc: "chacha20-poly1305@openssh.com,aes128-ctr", c_mac: "hmac-sha2-256,hmac-sha2-512,hmac-sha1", s_mac: "hmac-sha2-256,hmac-sha2-512,hmac-sha1", c_compress: "none", s_compress: "none"]
2022-12-08 19:31:15.598+08 0ms INFO tokio-runtime-worker@C:\Users\Seed6\.cargo\registry\src\rsproxy.cn-8f6827c7555bfaf8\ssh-rs-0.3.1\src\config\algorithm.rs:200 matched algorithms [kex: "curve25519-sha256", pubkey: "rsa-sha2-512", c_enc: "chacha20-poly1305@openssh.com", s_enc: "chacha20-poly1305@openssh.com", c_mac: "hmac-sha2-256", s_mac: "hmac-sha2-256", c_compress: "none", s_compress: "none"]
2022-12-08 19:31:15.638+08 0ms INFO tokio-runtime-worker@C:\Users\Seed6\.cargo\registry\src\rsproxy.cn-8f6827c7555bfaf8\ssh-rs-0.3.1\src\client\client_kex.rs:125 signature verification success.
2022-12-08 19:31:15.638+08 0ms INFO tokio-runtime-worker@C:\Users\Seed6\.cargo\registry\src\rsproxy.cn-8f6827c7555bfaf8\ssh-rs-0.3.1\src\client\client_kex.rs:165 send new keys
2022-12-08 19:31:15.639+08 0ms INFO tokio-runtime-worker@C:\Users\Seed6\.cargo\registry\src\rsproxy.cn-8f6827c7555bfaf8\ssh-rs-0.3.1\src\client\client_kex.rs:84 key negotiation successful.
2022-12-08 19:31:15.639+08 0ms INFO tokio-runtime-worker@C:\Users\Seed6\.cargo\registry\src\rsproxy.cn-8f6827c7555bfaf8\ssh-rs-0.3.1\src\client\client_auth.rs:17 Auth start
2022-12-08 19:31:15.641+08 0ms INFO tokio-runtime-worker@C:\Users\Seed6\.cargo\registry\src\rsproxy.cn-8f6827c7555bfaf8\ssh-rs-0.3.1\src\client\client_auth.rs:76 password authentication.
2022-12-08 19:31:16.643+08 0ms ERROR tokio-runtime-worker@C:\Users\Seed6\.cargo\registry\src\rsproxy.cn-8f6827c7555bfaf8\ssh-rs-0.3.1\src\model\timeout.rs:22 time out.
2022-12-08 19:31:16.731+08 0ms ERROR main@src\Gui_src\src\lib.rs:45 Error: { Kind(Timeout) }
2022-12-08 19:33:14.120+08 0ms ERROR tokio-runtime-worker@C:\Users\Seed6\.cargo\registry\src\rsproxy.cn-8f6827c7555bfaf8\ssh-rs-0.3.1\src\session\mod.rs:180 Parse private key from file: Error: { Kind(SshError("系統找不到指定的路徑。 (os error 3)")) }, will fallback to password authentication
2022-12-08 19:33:14.122+08 0ms INFO tokio-runtime-worker@C:\Users\Seed6\.cargo\registry\src\rsproxy.cn-8f6827c7555bfaf8\ssh-rs-0.3.1\src\session\mod.rs:50 start for version negotiation.
2022-12-08 19:33:14.130+08 0ms INFO tokio-runtime-worker@C:\Users\Seed6\.cargo\registry\src\rsproxy.cn-8f6827c7555bfaf8\ssh-rs-0.3.1\src\config\version.rs:59 server version: [SSH-2.0-OpenSSH_9.0p1 Debian-1+b1]
2022-12-08 19:33:14.130+08 0ms INFO tokio-runtime-worker@C:\Users\Seed6\.cargo\registry\src\rsproxy.cn-8f6827c7555bfaf8\ssh-rs-0.3.1\src\config\version.rs:85 version negotiation was successful.
2022-12-08 19:33:14.130+08 0ms INFO tokio-runtime-worker@C:\Users\Seed6\.cargo\registry\src\rsproxy.cn-8f6827c7555bfaf8\ssh-rs-0.3.1\src\config\version.rs:77 client version: [SSH-2.0-SSH_RS-0.3.1]
2022-12-08 19:33:14.132+08 0ms INFO tokio-runtime-worker@C:\Users\Seed6\.cargo\registry\src\rsproxy.cn-8f6827c7555bfaf8\ssh-rs-0.3.1\src\config\algorithm.rs:135 server key exchange: ["sntrup761x25519-sha512@openssh.com", "curve25519-sha256", "curve25519-sha256@libssh.org", "ecdh-sha2-nistp256", "ecdh-sha2-nistp384", "ecdh-sha2-nistp521", "diffie-hellman-group-exchange-sha256", "diffie-hellman-group16-sha512", "diffie-hellman-group18-sha512", "diffie-hellman-group14-sha256"]
2022-12-08 19:33:14.132+08 0ms INFO tokio-runtime-worker@C:\Users\Seed6\.cargo\registry\src\rsproxy.cn-8f6827c7555bfaf8\ssh-rs-0.3.1\src\config\algorithm.rs:136 server public key: ["rsa-sha2-512", "rsa-sha2-256", "ecdsa-sha2-nistp256", "ssh-ed25519"]
2022-12-08 19:33:14.132+08 0ms INFO tokio-runtime-worker@C:\Users\Seed6\.cargo\registry\src\rsproxy.cn-8f6827c7555bfaf8\ssh-rs-0.3.1\src\config\algorithm.rs:137 server c2s encryption: ["chacha20-poly1305@openssh.com", "aes128-ctr", "aes192-ctr", "aes256-ctr", "aes128-gcm@openssh.com", "aes256-gcm@openssh.com"]
2022-12-08 19:33:14.132+08 0ms INFO tokio-runtime-worker@C:\Users\Seed6\.cargo\registry\src\rsproxy.cn-8f6827c7555bfaf8\ssh-rs-0.3.1\src\config\algorithm.rs:138 server s2c encryption: ["chacha20-poly1305@openssh.com", "aes128-ctr", "aes192-ctr", "aes256-ctr", "aes128-gcm@openssh.com", "aes256-gcm@openssh.com"]
2022-12-08 19:33:14.132+08 0ms INFO tokio-runtime-worker@C:\Users\Seed6\.cargo\registry\src\rsproxy.cn-8f6827c7555bfaf8\ssh-rs-0.3.1\src\config\algorithm.rs:139 server c2s mac: ["umac-64-etm@openssh.com", "umac-128-etm@openssh.com", "hmac-sha2-256-etm@openssh.com", "hmac-sha2-512-etm@openssh.com", "hmac-sha1-etm@openssh.com", "umac-64@openssh.com", "umac-128@openssh.com", "hmac-sha2-256", "hmac-sha2-512", "hmac-sha1"]
2022-12-08 19:33:14.132+08 0ms INFO tokio-runtime-worker@C:\Users\Seed6\.cargo\registry\src\rsproxy.cn-8f6827c7555bfaf8\ssh-rs-0.3.1\src\config\algorithm.rs:140 server s2c mac: ["umac-64-etm@openssh.com", "umac-128-etm@openssh.com", "hmac-sha2-256-etm@openssh.com", "hmac-sha2-512-etm@openssh.com", "hmac-sha1-etm@openssh.com", "umac-64@openssh.com", "umac-128@openssh.com", "hmac-sha2-256", "hmac-sha2-512", "hmac-sha1"]
2022-12-08 19:33:14.132+08 0ms INFO tokio-runtime-worker@C:\Users\Seed6\.cargo\registry\src\rsproxy.cn-8f6827c7555bfaf8\ssh-rs-0.3.1\src\config\algorithm.rs:141 server c2s compression: ["none", "zlib@openssh.com"]
2022-12-08 19:33:14.132+08 0ms INFO tokio-runtime-worker@C:\Users\Seed6\.cargo\registry\src\rsproxy.cn-8f6827c7555bfaf8\ssh-rs-0.3.1\src\config\algorithm.rs:142 server s2c compression: ["none", "zlib@openssh.com"]
2022-12-08 19:33:14.132+08 0ms INFO tokio-runtime-worker@C:\Users\Seed6\.cargo\registry\src\rsproxy.cn-8f6827c7555bfaf8\ssh-rs-0.3.1\src\client\client_kex.rs:34 start for key negotiation.
2022-12-08 19:33:14.132+08 0ms INFO tokio-runtime-worker@C:\Users\Seed6\.cargo\registry\src\rsproxy.cn-8f6827c7555bfaf8\ssh-rs-0.3.1\src\client\client_kex.rs:35 send client algorithm list.
2022-12-08 19:33:14.132+08 0ms INFO tokio-runtime-worker@C:\Users\Seed6\.cargo\registry\src\rsproxy.cn-8f6827c7555bfaf8\ssh-rs-0.3.1\src\config\algorithm.rs:221 client algorithms: [kex: "curve25519-sha256,ecdh-sha2-nistp256,diffie-hellman-group14-sha256,diffie-hellman-group14-sha1", pubkey: "rsa-sha2-512,rsa-sha2-256", c_enc: "chacha20-poly1305@openssh.com,aes128-ctr", s_enc: "chacha20-poly1305@openssh.com,aes128-ctr", c_mac: "hmac-sha2-256,hmac-sha2-512,hmac-sha1", s_mac: "hmac-sha2-256,hmac-sha2-512,hmac-sha1", c_compress: "none", s_compress: "none"]
2022-12-08 19:33:14.132+08 0ms INFO tokio-runtime-worker@C:\Users\Seed6\.cargo\registry\src\rsproxy.cn-8f6827c7555bfaf8\ssh-rs-0.3.1\src\config\algorithm.rs:200 matched algorithms [kex: "curve25519-sha256", pubkey: "rsa-sha2-512", c_enc: "chacha20-poly1305@openssh.com", s_enc: "chacha20-poly1305@openssh.com", c_mac: "hmac-sha2-256", s_mac: "hmac-sha2-256", c_compress: "none", s_compress: "none"]
2022-12-08 19:33:14.146+08 0ms INFO tokio-runtime-worker@C:\Users\Seed6\.cargo\registry\src\rsproxy.cn-8f6827c7555bfaf8\ssh-rs-0.3.1\src\client\client_kex.rs:125 signature verification success.
2022-12-08 19:33:14.146+08 0ms INFO tokio-runtime-worker@C:\Users\Seed6\.cargo\registry\src\rsproxy.cn-8f6827c7555bfaf8\ssh-rs-0.3.1\src\client\client_kex.rs:165 send new keys
2022-12-08 19:33:14.146+08 0ms INFO tokio-runtime-worker@C:\Users\Seed6\.cargo\registry\src\rsproxy.cn-8f6827c7555bfaf8\ssh-rs-0.3.1\src\client\client_kex.rs:84 key negotiation successful.
2022-12-08 19:33:14.146+08 0ms INFO tokio-runtime-worker@C:\Users\Seed6\.cargo\registry\src\rsproxy.cn-8f6827c7555bfaf8\ssh-rs-0.3.1\src\client\client_auth.rs:17 Auth start
2022-12-08 19:33:14.146+08 0ms INFO tokio-runtime-worker@C:\Users\Seed6\.cargo\registry\src\rsproxy.cn-8f6827c7555bfaf8\ssh-rs-0.3.1\src\client\client_auth.rs:76 password authentication.
2022-12-08 19:33:15.147+08 0ms ERROR tokio-runtime-worker@C:\Users\Seed6\.cargo\registry\src\rsproxy.cn-8f6827c7555bfaf8\ssh-rs-0.3.1\src\model\timeout.rs:22 time out.
2022-12-08 19:33:15.188+08 0ms ERROR tokio-runtime-worker@src\Gui_src\src\lib.rs:45 Error: { Kind(Timeout) }
2022-12-08 19:34:15.379+08 0ms ERROR tokio-runtime-worker@C:\Users\Seed6\.cargo\registry\src\rsproxy.cn-8f6827c7555bfaf8\ssh-rs-0.3.1\src\session\mod.rs:180 Parse private key from file: Error: { Kind(SshError("系統找不到指定的路徑。 (os error 3)")) }, will fallback to password authentication
2022-12-08 19:34:15.381+08 0ms INFO tokio-runtime-worker@C:\Users\Seed6\.cargo\registry\src\rsproxy.cn-8f6827c7555bfaf8\ssh-rs-0.3.1\src\session\mod.rs:50 start for version negotiation.
2022-12-08 19:34:15.388+08 1ms INFO tokio-runtime-worker@C:\Users\Seed6\.cargo\registry\src\rsproxy.cn-8f6827c7555bfaf8\ssh-rs-0.3.1\src\config\version.rs:59 server version: [SSH-2.0-OpenSSH_9.0p1 Debian-1+b1]
2022-12-08 19:34:15.389+08 0ms INFO tokio-runtime-worker@C:\Users\Seed6\.cargo\registry\src\rsproxy.cn-8f6827c7555bfaf8\ssh-rs-0.3.1\src\config\version.rs:85 version negotiation was successful.
2022-12-08 19:34:15.389+08 0ms INFO tokio-runtime-worker@C:\Users\Seed6\.cargo\registry\src\rsproxy.cn-8f6827c7555bfaf8\ssh-rs-0.3.1\src\config\version.rs:77 client version: [SSH-2.0-SSH_RS-0.3.1]
2022-12-08 19:34:15.390+08 0ms INFO tokio-runtime-worker@C:\Users\Seed6\.cargo\registry\src\rsproxy.cn-8f6827c7555bfaf8\ssh-rs-0.3.1\src\config\algorithm.rs:135 server key exchange: ["sntrup761x25519-sha512@openssh.com", "curve25519-sha256", "curve25519-sha256@libssh.org", "ecdh-sha2-nistp256", "ecdh-sha2-nistp384", "ecdh-sha2-nistp521", "diffie-hellman-group-exchange-sha256", "diffie-hellman-group16-sha512", "diffie-hellman-group18-sha512", "diffie-hellman-group14-sha256"]
2022-12-08 19:34:15.390+08 0ms INFO tokio-runtime-worker@C:\Users\Seed6\.cargo\registry\src\rsproxy.cn-8f6827c7555bfaf8\ssh-rs-0.3.1\src\config\algorithm.rs:136 server public key: ["rsa-sha2-512", "rsa-sha2-256", "ecdsa-sha2-nistp256", "ssh-ed25519"]
2022-12-08 19:34:15.390+08 0ms INFO tokio-runtime-worker@C:\Users\Seed6\.cargo\registry\src\rsproxy.cn-8f6827c7555bfaf8\ssh-rs-0.3.1\src\config\algorithm.rs:137 server c2s encryption: ["chacha20-poly1305@openssh.com", "aes128-ctr", "aes192-ctr", "aes256-ctr", "aes128-gcm@openssh.com", "aes256-gcm@openssh.com"]
2022-12-08 19:34:15.390+08 0ms INFO tokio-runtime-worker@C:\Users\Seed6\.cargo\registry\src\rsproxy.cn-8f6827c7555bfaf8\ssh-rs-0.3.1\src\config\algorithm.rs:138 server s2c encryption: ["chacha20-poly1305@openssh.com", "aes128-ctr", "aes192-ctr", "aes256-ctr", "aes128-gcm@openssh.com", "aes256-gcm@openssh.com"]
2022-12-08 19:34:15.391+08 0ms INFO tokio-runtime-worker@C:\Users\Seed6\.cargo\registry\src\rsproxy.cn-8f6827c7555bfaf8\ssh-rs-0.3.1\src\config\algorithm.rs:139 server c2s mac: ["umac-64-etm@openssh.com", "umac-128-etm@openssh.com", "hmac-sha2-256-etm@openssh.com", "hmac-sha2-512-etm@openssh.com", "hmac-sha1-etm@openssh.com", "umac-64@openssh.com", "umac-128@openssh.com", "hmac-sha2-256", "hmac-sha2-512", "hmac-sha1"]
2022-12-08 19:34:15.391+08 0ms INFO tokio-runtime-worker@C:\Users\Seed6\.cargo\registry\src\rsproxy.cn-8f6827c7555bfaf8\ssh-rs-0.3.1\src\config\algorithm.rs:140 server s2c mac: ["umac-64-etm@openssh.com", "umac-128-etm@openssh.com", "hmac-sha2-256-etm@openssh.com", "hmac-sha2-512-etm@openssh.com", "hmac-sha1-etm@openssh.com", "umac-64@openssh.com", "umac-128@openssh.com", "hmac-sha2-256", "hmac-sha2-512", "hmac-sha1"]
2022-12-08 19:34:15.391+08 0ms INFO tokio-runtime-worker@C:\Users\Seed6\.cargo\registry\src\rsproxy.cn-8f6827c7555bfaf8\ssh-rs-0.3.1\src\config\algorithm.rs:141 server c2s compression: ["none", "zlib@openssh.com"]
2022-12-08 19:34:15.391+08 0ms INFO tokio-runtime-worker@C:\Users\Seed6\.cargo\registry\src\rsproxy.cn-8f6827c7555bfaf8\ssh-rs-0.3.1\src\config\algorithm.rs:142 server s2c compression: ["none", "zlib@openssh.com"]
2022-12-08 19:34:15.391+08 0ms INFO tokio-runtime-worker@C:\Users\Seed6\.cargo\registry\src\rsproxy.cn-8f6827c7555bfaf8\ssh-rs-0.3.1\src\client\client_kex.rs:34 start for key negotiation.
2022-12-08 19:34:15.391+08 0ms INFO tokio-runtime-worker@C:\Users\Seed6\.cargo\registry\src\rsproxy.cn-8f6827c7555bfaf8\ssh-rs-0.3.1\src\client\client_kex.rs:35 send client algorithm list.
2022-12-08 19:34:15.391+08 0ms INFO tokio-runtime-worker@C:\Users\Seed6\.cargo\registry\src\rsproxy.cn-8f6827c7555bfaf8\ssh-rs-0.3.1\src\config\algorithm.rs:221 client algorithms: [kex: "curve25519-sha256,ecdh-sha2-nistp256,diffie-hellman-group14-sha256,diffie-hellman-group14-sha1", pubkey: "rsa-sha2-512,rsa-sha2-256", c_enc: "chacha20-poly1305@openssh.com,aes128-ctr", s_enc: "chacha20-poly1305@openssh.com,aes128-ctr", c_mac: "hmac-sha2-256,hmac-sha2-512,hmac-sha1", s_mac: "hmac-sha2-256,hmac-sha2-512,hmac-sha1", c_compress: "none", s_compress: "none"]
2022-12-08 19:34:15.391+08 0ms INFO tokio-runtime-worker@C:\Users\Seed6\.cargo\registry\src\rsproxy.cn-8f6827c7555bfaf8\ssh-rs-0.3.1\src\config\algorithm.rs:200 matched algorithms [kex: "curve25519-sha256", pubkey: "rsa-sha2-512", c_enc: "chacha20-poly1305@openssh.com", s_enc: "chacha20-poly1305@openssh.com", c_mac: "hmac-sha2-256", s_mac: "hmac-sha2-256", c_compress: "none", s_compress: "none"]
2022-12-08 19:34:15.405+08 0ms INFO tokio-runtime-worker@C:\Users\Seed6\.cargo\registry\src\rsproxy.cn-8f6827c7555bfaf8\ssh-rs-0.3.1\src\client\client_kex.rs:125 signature verification success.
2022-12-08 19:34:15.405+08 0ms INFO tokio-runtime-worker@C:\Users\Seed6\.cargo\registry\src\rsproxy.cn-8f6827c7555bfaf8\ssh-rs-0.3.1\src\client\client_kex.rs:165 send new keys
2022-12-08 19:34:15.405+08 0ms INFO tokio-runtime-worker@C:\Users\Seed6\.cargo\registry\src\rsproxy.cn-8f6827c7555bfaf8\ssh-rs-0.3.1\src\client\client_kex.rs:84 key negotiation successful.
2022-12-08 19:34:15.405+08 0ms INFO tokio-runtime-worker@C:\Users\Seed6\.cargo\registry\src\rsproxy.cn-8f6827c7555bfaf8\ssh-rs-0.3.1\src\client\client_auth.rs:17 Auth start
2022-12-08 19:34:15.406+08 0ms INFO tokio-runtime-worker@C:\Users\Seed6\.cargo\registry\src\rsproxy.cn-8f6827c7555bfaf8\ssh-rs-0.3.1\src\client\client_auth.rs:76 password authentication.
2022-12-08 19:34:16.906+08 0ms ERROR tokio-runtime-worker@C:\Users\Seed6\.cargo\registry\src\rsproxy.cn-8f6827c7555bfaf8\ssh-rs-0.3.1\src\model\timeout.rs:22 time out.
2022-12-08 19:34:16.944+08 0ms ERROR tokio-runtime-worker@src\Gui_src\src\lib.rs:45 Error: { Kind(Timeout) }
